[23:28:48] [main/DEBUG] (LaunchWrapper) Mixin bootstrap service org.spongepowered.asm.service.mojang.MixinServiceLaunchWrapperBootstrap is not available: LaunchWrapper is not available
[23:28:48] [main/DEBUG] (LaunchWrapper) Mixin bootstrap service org.spongepowered.asm.service.modlauncher.MixinServiceModLauncherBootstrap is not available: ModLauncher is not available
[23:28:48] [main/INFO] (LaunchWrapper) SpongePowered MIXIN Subsystem Version=0.8.7 Source=file:/C:/Users/Tristan/.gradle/caches/modules-2/files-2.1/com.github.PuzzleLoader/PuzzleLoader/2.2.2/2a5616c3eed4c65ff69216f0707a1c02d9fdc856/PuzzleLoader-2.2.2-client.jar Service=LaunchWrapper Env=SERVER
[23:28:48] [main/DEBUG] (LaunchWrapper) Adding new mixin transformer proxy #1
[23:28:48] [main/DEBUG] (LaunchWrapper) Initialising Mixin Platform Manager
[23:28:48] [main/DEBUG] (LaunchWrapper) Adding mixin platform agents for container ContainerHandleURI(file:/C:/Users/Tristan/.gradle/caches/modules-2/files-2.1/com.github.PuzzleLoader/PuzzleLoader/2.2.2/2a5616c3eed4c65ff69216f0707a1c02d9fdc856/PuzzleLoader-2.2.2-client.jar)
[23:28:48] [main/DEBUG] (LaunchWrapper) Instancing new MixinPlatformAgentDefault for ContainerHandleURI(file:/C:/Users/Tristan/.gradle/caches/modules-2/files-2.1/com.github.PuzzleLoader/PuzzleLoader/2.2.2/2a5616c3eed4c65ff69216f0707a1c02d9fdc856/PuzzleLoader-2.2.2-client.jar)
[23:28:48] [main/DEBUG] (LaunchWrapper) MixinPlatformAgentDefault accepted container ContainerHandleURI(file:/C:/Users/Tristan/.gradle/caches/modules-2/files-2.1/com.github.PuzzleLoader/PuzzleLoader/2.2.2/2a5616c3eed4c65ff69216f0707a1c02d9fdc856/PuzzleLoader-2.2.2-client.jar)
[23:28:48] [main/DEBUG] (PuzzleLoader | MixinService) Scanning file:/C:/Users/Tristan/.gradle/caches/modules-2/files-2.1/org.apache.logging.log4j/log4j-core/2.8.1/4ac28ff2f1ddf05dae3043a190451e8c46b73c31/log4j-core-2.8.1.jar for mixin tweaker
[23:28:48] [main/DEBUG] (PuzzleLoader | MixinService) Scanning file:/C:/Users/Tristan/.gradle/caches/modules-2/files-2.1/org.apache.logging.log4j/log4j-api/2.8.1/e801d13612e22cad62a3f4f3fe7fdbe6334a8e72/log4j-api-2.8.1.jar for mixin tweaker
[23:28:48] [main/DEBUG] (PuzzleLoader | MixinService) Scanning file:/C:/Users/Tristan/.gradle/caches/modules-2/files-2.1/org.jline/jline-reader/3.20.0/8f15415b022a25b473e8e16c28ae913186ffb9c4/jline-reader-3.20.0.jar for mixin tweaker
[23:28:48] [main/DEBUG] (PuzzleLoader | MixinService) Scanning file:/C:/Users/Tristan/.gradle/caches/modules-2/files-2.1/com.github.PuzzleLoader/PuzzleLoader/2.2.2/2a5616c3eed4c65ff69216f0707a1c02d9fdc856/PuzzleLoader-2.2.2-client.jar for mixin tweaker
[23:28:48] [main/DEBUG] (PuzzleLoader | MixinService) Scanning file:/C:/Users/Tristan/.gradle/caches/modules-2/files-2.1/com.github.PuzzleLoader/access_manipulators/1.0.1/5f19d8cef75a8f3639301c571f3a162c7c5870bd/access_manipulators-1.0.1.jar for mixin tweaker
[23:28:48] [main/DEBUG] (PuzzleLoader | MixinService) Scanning file:/C:/Users/Tristan/Documents/GitHub/SaturnCart/build/resources/main/ for mixin tweaker
[23:28:48] [main/DEBUG] (PuzzleLoader | MixinService) Scanning file:/C:/Users/Tristan/Documents/GitHub/SaturnCart/.gradle/jigsaw-cache/cosmicMaven/finalforeach/cosmicreach-processed-server-46cdae0b1f/0.3.14/cosmicreach-processed-server-46cdae0b1f-0.3.14-processed-server-46cdae0b1f.jar for mixin tweaker
[23:28:48] [main/DEBUG] (PuzzleLoader | MixinService) Scanning file:/C:/Users/Tristan/.gradle/caches/modules-2/files-2.1/net.fabricmc/dev-launch-injector/0.2.1+build.8/da8bef7e6e2f952da707f282bdb46882a0fce5e3/dev-launch-injector-0.2.1+build.8.jar for mixin tweaker
[23:28:48] [main/DEBUG] (PuzzleLoader | MixinService) Scanning file:/C:/Users/Tristan/Documents/GitHub/SaturnCart/build/classes/java/main/ for mixin tweaker
[23:28:48] [main/DEBUG] (PuzzleLoader | MixinService) Scanning file:/C:/Users/Tristan/.gradle/caches/modules-2/files-2.1/net.minecrell/terminalconsoleappender/1.3.0/b562e9bb61235c9520e26282cdee71f8f802d1fc/terminalconsoleappender-1.3.0.jar for mixin tweaker
[23:28:48] [main/DEBUG] (PuzzleLoader | MixinService) Scanning file:/C:/Users/Tristan/.gradle/caches/modules-2/files-2.1/org.jline/jline-terminal/3.20.0/d0ddcc708ddf527a3454c941b7b9225cc83a15ff/jline-terminal-3.20.0.jar for mixin tweaker
[23:28:48] [main/INFO] (Puzzle | ModLocator) Discovered SaturnCartMod "DevMod" with ID "saturn_cart"
[23:28:48] [main/DEBUG] (LaunchWrapper) Processing prepare() for PlatformAgent[MixinPlatformAgentDefault:ContainerHandleURI(file:/C:/Users/Tristan/.gradle/caches/modules-2/files-2.1/com.github.PuzzleLoader/PuzzleLoader/2.2.2/2a5616c3eed4c65ff69216f0707a1c02d9fdc856/PuzzleLoader-2.2.2-client.jar)]
[23:28:48] [main/WARN] (Puzzle | ModLocator) Warning! Only partial semantic versioning support
[23:28:48] [main/INFO] (Puzzle | ModLocator) Mod deps for puzzle-loader
[23:28:48] [main/INFO] (Puzzle | ModLocator) 	cosmic-reach: (0.3.14,true)
[23:28:48] [main/INFO] (Puzzle | ModLocator) Mod deps for saturn_cart
[23:28:48] [main/INFO] (Puzzle | ModLocator) 	puzzle-loader: (>=2.0.13,true)
[23:28:48] [main/INFO] (Puzzle | ModLocator) 	cosmic-reach: (>=0.3.11,true)
[23:28:48] [main/DEBUG] (LaunchWrapper) Processing launch tasks for PlatformAgent[MixinPlatformAgentDefault:ContainerHandleURI(file:/C:/Users/Tristan/.gradle/caches/modules-2/files-2.1/com.github.PuzzleLoader/PuzzleLoader/2.2.2/2a5616c3eed4c65ff69216f0707a1c02d9fdc856/PuzzleLoader-2.2.2-client.jar)]
[23:28:48] [main/DEBUG] (PuzzleLoader | MixinService) Scanning file:/C:/Users/Tristan/.gradle/caches/modules-2/files-2.1/org.apache.logging.log4j/log4j-core/2.8.1/4ac28ff2f1ddf05dae3043a190451e8c46b73c31/log4j-core-2.8.1.jar for mixin tweaker
[23:28:48] [main/DEBUG] (PuzzleLoader | MixinService) Scanning file:/C:/Users/Tristan/.gradle/caches/modules-2/files-2.1/org.apache.logging.log4j/log4j-api/2.8.1/e801d13612e22cad62a3f4f3fe7fdbe6334a8e72/log4j-api-2.8.1.jar for mixin tweaker
[23:28:48] [main/DEBUG] (PuzzleLoader | MixinService) Scanning file:/C:/Users/Tristan/.gradle/caches/modules-2/files-2.1/org.jline/jline-reader/3.20.0/8f15415b022a25b473e8e16c28ae913186ffb9c4/jline-reader-3.20.0.jar for mixin tweaker
[23:28:48] [main/DEBUG] (PuzzleLoader | MixinService) Scanning file:/C:/Users/Tristan/.gradle/caches/modules-2/files-2.1/com.github.PuzzleLoader/PuzzleLoader/2.2.2/2a5616c3eed4c65ff69216f0707a1c02d9fdc856/PuzzleLoader-2.2.2-client.jar for mixin tweaker
[23:28:48] [main/DEBUG] (PuzzleLoader | MixinService) Scanning file:/C:/Users/Tristan/.gradle/caches/modules-2/files-2.1/com.github.PuzzleLoader/access_manipulators/1.0.1/5f19d8cef75a8f3639301c571f3a162c7c5870bd/access_manipulators-1.0.1.jar for mixin tweaker
[23:28:48] [main/DEBUG] (PuzzleLoader | MixinService) Scanning file:/C:/Users/Tristan/Documents/GitHub/SaturnCart/build/resources/main/ for mixin tweaker
[23:28:48] [main/DEBUG] (PuzzleLoader | MixinService) Scanning file:/C:/Users/Tristan/Documents/GitHub/SaturnCart/.gradle/jigsaw-cache/cosmicMaven/finalforeach/cosmicreach-processed-server-46cdae0b1f/0.3.14/cosmicreach-processed-server-46cdae0b1f-0.3.14-processed-server-46cdae0b1f.jar for mixin tweaker
[23:28:48] [main/DEBUG] (PuzzleLoader | MixinService) Scanning file:/C:/Users/Tristan/.gradle/caches/modules-2/files-2.1/net.fabricmc/dev-launch-injector/0.2.1+build.8/da8bef7e6e2f952da707f282bdb46882a0fce5e3/dev-launch-injector-0.2.1+build.8.jar for mixin tweaker
[23:28:48] [main/DEBUG] (PuzzleLoader | MixinService) Scanning file:/C:/Users/Tristan/Documents/GitHub/SaturnCart/build/classes/java/main/ for mixin tweaker
[23:28:48] [main/DEBUG] (PuzzleLoader | MixinService) Scanning file:/C:/Users/Tristan/.gradle/caches/modules-2/files-2.1/net.minecrell/terminalconsoleappender/1.3.0/b562e9bb61235c9520e26282cdee71f8f802d1fc/terminalconsoleappender-1.3.0.jar for mixin tweaker
[23:28:48] [main/DEBUG] (PuzzleLoader | MixinService) Scanning file:/C:/Users/Tristan/.gradle/caches/modules-2/files-2.1/org.jline/jline-terminal/3.20.0/d0ddcc708ddf527a3454c941b7b9225cc83a15ff/jline-terminal-3.20.0.jar for mixin tweaker
[23:28:48] [main/DEBUG] (LaunchWrapper) inject() running with 1 agents
[23:28:48] [main/DEBUG] (LaunchWrapper) Processing inject() for PlatformAgent[MixinPlatformAgentDefault:ContainerHandleURI(file:/C:/Users/Tristan/.gradle/caches/modules-2/files-2.1/com.github.PuzzleLoader/PuzzleLoader/2.2.2/2a5616c3eed4c65ff69216f0707a1c02d9fdc856/PuzzleLoader-2.2.2-client.jar)]
[23:28:48] [main/DEBUG] (LaunchWrapper) Adding new mixin transformer proxy #2
[23:28:48] [main/DEBUG] (LaunchWrapper) Preparing mixins for MixinEnvironment[DEFAULT]
[23:28:48] [main/DEBUG] (LaunchWrapper) Selecting config mixins/server/fixes.server.mixins.json
[23:28:48] [main/DEBUG] (LaunchWrapper) Selecting config mixins/common/logging.common.mixins.json
[23:28:48] [main/DEBUG] (LaunchWrapper) Selecting config mixins/common/fixes.common.mixins.json
[23:28:48] [main/DEBUG] (LaunchWrapper) Selecting config mixins/common/internal.common.mixins.json
[23:28:48] [main/DEBUG] (LaunchWrapper) com.llamalad7.mixinextras.service.MixinExtrasServiceImpl(version=0.4.1) is taking over from null
[23:28:48] [main/DEBUG] (LaunchWrapper) Registering new injector for @Inject with org.spongepowered.asm.mixin.injection.struct.CallbackInjectionInfo
[23:28:48] [main/DEBUG] (LaunchWrapper) Registering new injector for @ModifyArg with org.spongepowered.asm.mixin.injection.struct.ModifyArgInjectionInfo
[23:28:48] [main/DEBUG] (LaunchWrapper) Registering new injector for @ModifyArgs with org.spongepowered.asm.mixin.injection.struct.ModifyArgsInjectionInfo
[23:28:48] [main/DEBUG] (LaunchWrapper) Registering new injector for @Redirect with org.spongepowered.asm.mixin.injection.struct.RedirectInjectionInfo
[23:28:48] [main/DEBUG] (LaunchWrapper) Registering new injector for @ModifyVariable with org.spongepowered.asm.mixin.injection.struct.ModifyVariableInjectionInfo
[23:28:48] [main/DEBUG] (LaunchWrapper) Registering new injector for @ModifyConstant with org.spongepowered.asm.mixin.injection.struct.ModifyConstantInjectionInfo
[23:28:48] [main/DEBUG] (LaunchWrapper) Selecting config mixins/server/internal.server.mixins.json
[23:28:48] [main/DEBUG] (LaunchWrapper) Selecting config saturn_cart.mixins.json
[23:28:48] [main/DEBUG] (LaunchWrapper) Preparing mixins/server/fixes.server.mixins.json (2)
[23:28:48] [main/DEBUG] (PuzzleLoader | MixinService) Rebuilding transformer delegation list:
[23:28:48] [main/DEBUG] (PuzzleLoader | MixinService)   Excluding: org.spongepowered.asm.mixin.transformer.Proxy
[23:28:48] [main/DEBUG] (PuzzleLoader | MixinService)   Adding:    com.github.puzzle.core.loader.transformers.AccessManipulatorTransformer
[23:28:48] [main/DEBUG] (PuzzleLoader | MixinService)   Excluding: org.spongepowered.asm.mixin.transformer.Proxy
[23:28:48] [main/DEBUG] (PuzzleLoader | MixinService) Transformer delegation list created with 1 entries
[23:28:48] [main/DEBUG] (LaunchWrapper) Preparing mixins/common/logging.common.mixins.json (5)
[23:28:48] [main/DEBUG] (LaunchWrapper) Preparing mixins/common/fixes.common.mixins.json (5)
[23:28:48] [main/DEBUG] (LaunchWrapper) Preparing mixins/common/internal.common.mixins.json (14)
[23:28:48] [main/DEBUG] (LaunchWrapper) Preparing mixins/server/internal.server.mixins.json (2)
[23:28:48] [main/DEBUG] (LaunchWrapper) Preparing saturn_cart.mixins.json (3)
[23:28:48] [main/DEBUG] (LaunchWrapper) Inner class com/github/puzzle/game/mixins/server/fixes/ServerLocationFixer$1 in com/github/puzzle/game/mixins/server/fixes/ServerLocationFixer on finalforeach/cosmicreach/server/ServerLauncher gets unique name finalforeach/cosmicreach/server/ServerLauncher$Anonymous$626c2d0173ce4564bfac9abc0aaabbd6
[23:28:48] [main/INFO] (LaunchWrapper) Initializing MixinExtras via com.llamalad7.mixinextras.service.MixinExtrasServiceImpl(version=0.4.1).
[23:28:48] [main/DEBUG] (LaunchWrapper) Registering new injector for @SugarWrapper with com.llamalad7.mixinextras.sugar.impl.SugarWrapperInjectionInfo
[23:28:48] [main/DEBUG] (LaunchWrapper) Registering new injector for @FactoryRedirectWrapper with com.llamalad7.mixinextras.wrapper.factory.FactoryRedirectWrapperInjectionInfo
[23:28:48] [main/DEBUG] (LaunchWrapper) Mixing ServerLocationFixer from mixins/server/fixes.server.mixins.json into finalforeach.cosmicreach.server.ServerLauncher
[23:28:48] [main/DEBUG] (LaunchWrapper) Mixing entrypoint.LoadPreInitMixin from mixins/server/internal.server.mixins.json into finalforeach.cosmicreach.server.ServerLauncher
[23:28:48] [main/DEBUG] (LaunchWrapper) mixins/server/fixes.server.mixins.json:ServerLocationFixer from mod (unknown)->@Inject::init([Ljava/lang/String;Lorg/spongepowered/asm/mixin/injection/callback/CallbackInfo;)V doesn't use it's CallbackInfo
[23:28:48] [main/DEBUG] (LaunchWrapper) mixins/server/fixes.server.mixins.json:ServerLocationFixer from mod (unknown)->@Inject::consoleListener([Ljava/lang/String;Lorg/spongepowered/asm/mixin/injection/callback/CallbackInfo;)V doesn't use it's CallbackInfo
[23:28:48] [main/DEBUG] (LaunchWrapper) mixins/server/fixes.server.mixins.json:ServerLocationFixer from mod (unknown)->@Inject::setIsRunning([Ljava/lang/String;Lorg/spongepowered/asm/mixin/injection/callback/CallbackInfo;)V doesn't use it's CallbackInfo
[23:28:48] [main/DEBUG] (LaunchWrapper) mixins/server/internal.server.mixins.json:entrypoint.LoadPreInitMixin from mod (unknown)->@Inject::preInit([Ljava/lang/String;Lorg/spongepowered/asm/mixin/injection/callback/CallbackInfo;)V doesn't use it's CallbackInfo
[23:28:48] [main/DEBUG] (LaunchWrapper) Generating mapped inner class finalforeach/cosmicreach/server/ServerLauncher$Anonymous$626c2d0173ce4564bfac9abc0aaabbd6 (originally com/github/puzzle/game/mixins/server/fixes/ServerLocationFixer$1)
[23:28:48] [main/INFO] (Puzzle | Loader) Launching Cosmic Reach version 0.3.14
[23:28:48] [main/DEBUG] (LaunchWrapper) Mixing ServerSaveLocationFixer from mixins/server/fixes.server.mixins.json into finalforeach.cosmicreach.io.SaveLocation
[23:28:48] [main/DEBUG] (LaunchWrapper) Mixing entrypoint.GameSingletonsMixin from mixins/server/internal.server.mixins.json into finalforeach.cosmicreach.GameSingletons
[23:28:48] [main/INFO] (saturn_cart) Hello From PRE-INIT
[23:28:48] [main/DEBUG] (LaunchWrapper) Mixing networking.GamePacketMixin from mixins/common/internal.common.mixins.json into finalforeach.cosmicreach.networking.GamePacket
[23:28:48] [main/DEBUG] (LaunchWrapper) mixins/common/internal.common.mixins.json:networking.GamePacketMixin from mod (unknown)->@Inject::registerPacket(Ljava/lang/Class;Lorg/spongepowered/asm/mixin/injection/callback/CallbackInfo;)V does use it's CallbackInfo
[23:28:48] [main/DEBUG] (LaunchWrapper) mixins/common/internal.common.mixins.json:networking.GamePacketMixin from mod (unknown)->@Inject::registerPacket(Ljava/lang/String;ILjava/lang/Class;Lorg/spongepowered/asm/mixin/injection/callback/CallbackInfo;)V does use it's CallbackInfo
[23:28:48] [main/DEBUG] (LaunchWrapper) mixins/common/internal.common.mixins.json:networking.GamePacketMixin from mod (unknown)->@Inject::clinit(Lorg/spongepowered/asm/mixin/injection/callback/CallbackInfo;)V doesn't use it's CallbackInfo
[23:28:48] [main/DEBUG] (LaunchWrapper) Mixing networking.ServerIdentityMixin from mixins/common/internal.common.mixins.json into finalforeach.cosmicreach.networking.server.ServerIdentity
[23:28:48] [main/DEBUG] (io.netty.util.internal.logging.InternalLoggerFactory) Using SLF4J as the default logging framework
[23:28:48] [main/DEBUG] (io.netty.util.internal.PlatformDependent) Platform: Windows
[23:28:48] [main/DEBUG] (io.netty.util.internal.PlatformDependent0) -Dio.netty.noUnsafe: false
[23:28:48] [main/DEBUG] (io.netty.util.internal.PlatformDependent0) Java version: 17
[23:28:48] [main/DEBUG] (io.netty.util.internal.PlatformDependent0) sun.misc.Unsafe.theUnsafe: available
[23:28:48] [main/DEBUG] (io.netty.util.internal.PlatformDependent0) sun.misc.Unsafe.copyMemory: available
[23:28:48] [main/DEBUG] (io.netty.util.internal.PlatformDependent0) java.nio.Buffer.address: available
[23:28:48] [main/DEBUG] (io.netty.util.internal.PlatformDependent0) direct buffer constructor: unavailable
java.lang.UnsupportedOperationException: Reflective setAccessible(true) disabled
	at io.netty.util.internal.ReflectionUtil.trySetAccessible(ReflectionUtil.java:31) ~[cosmicreach-processed-server-46cdae0b1f-0.3.14-processed-server-46cdae0b1f.jar:?]
	at io.netty.util.internal.PlatformDependent0$4.run(PlatformDependent0.java:224) ~[cosmicreach-processed-server-46cdae0b1f-0.3.14-processed-server-46cdae0b1f.jar:?]
	at java.security.AccessController.doPrivileged(AccessController.java:318) ~[?:?]
	at io.netty.util.internal.PlatformDependent0.<clinit>(PlatformDependent0.java:218) ~[cosmicreach-processed-server-46cdae0b1f-0.3.14-processed-server-46cdae0b1f.jar:?]
	at io.netty.util.internal.PlatformDependent.isAndroid(PlatformDependent.java:208) ~[cosmicreach-processed-server-46cdae0b1f-0.3.14-processed-server-46cdae0b1f.jar:?]
	at io.netty.util.internal.PlatformDependent.<clinit>(PlatformDependent.java:79) ~[cosmicreach-processed-server-46cdae0b1f-0.3.14-processed-server-46cdae0b1f.jar:?]
	at io.netty.util.ConstantPool.<init>(ConstantPool.java:32) ~[cosmicreach-processed-server-46cdae0b1f-0.3.14-processed-server-46cdae0b1f.jar:?]
	at io.netty.util.AttributeKey$1.<init>(AttributeKey.java:27) ~[cosmicreach-processed-server-46cdae0b1f-0.3.14-processed-server-46cdae0b1f.jar:?]
	at io.netty.util.AttributeKey.<clinit>(AttributeKey.java:27) ~[cosmicreach-processed-server-46cdae0b1f-0.3.14-processed-server-46cdae0b1f.jar:?]
	at finalforeach.cosmicreach.networking.server.ServerSingletons.<clinit>(ServerSingletons.java:47) ~[cosmicreach-processed-server-46cdae0b1f-0.3.14-processed-server-46cdae0b1f.jar:?]
	at finalforeach.cosmicreach.server.ServerLauncher.main(ServerLauncher.java:43) ~[cosmicreach-processed-server-46cdae0b1f-0.3.14-processed-server-46cdae0b1f.jar:?]
	at jdk.internal.reflect.NativeMethodAccessorImpl.invoke0(Native Method) ~[?:?]
	at jdk.internal.reflect.NativeMethodAccessorImpl.invoke(NativeMethodAccessorImpl.java:77) ~[?:?]
	at jdk.internal.reflect.DelegatingMethodAccessorImpl.invoke(DelegatingMethodAccessorImpl.java:43) ~[?:?]
	at java.lang.reflect.Method.invoke(Method.java:568) ~[?:?]
	at com.github.puzzle.core.loader.util.MethodUtil.runStaticMethod(MethodUtil.java:19) ~[PuzzleLoader-2.2.2-client.jar:?]
	at com.github.puzzle.core.loader.launch.Piece.launch(Piece.java:108) ~[PuzzleLoader-2.2.2-client.jar:?]
	at com.github.puzzle.core.loader.launch.Piece.launch(Piece.java:43) ~[PuzzleLoader-2.2.2-client.jar:?]
	at com.github.puzzle.core.loader.launch.pieces.ServerPiece.main(ServerPiece.java:9) ~[PuzzleLoader-2.2.2-client.jar:?]
	at net.fabricmc.devlaunchinjector.Main.main(Main.java:86) ~[Main.class:?]
[23:28:48] [main/DEBUG] (io.netty.util.internal.PlatformDependent0) java.nio.Bits.unaligned: unavailable true
java.lang.UnsupportedOperationException: Reflective setAccessible(true) disabled
	at io.netty.util.internal.ReflectionUtil.trySetAccessible(ReflectionUtil.java:31) ~[cosmicreach-processed-server-46cdae0b1f-0.3.14-processed-server-46cdae0b1f.jar:?]
	at io.netty.util.internal.PlatformDependent0$5.run(PlatformDependent0.java:273) ~[cosmicreach-processed-server-46cdae0b1f-0.3.14-processed-server-46cdae0b1f.jar:?]
	at java.security.AccessController.doPrivileged(AccessController.java:318) ~[?:?]
	at io.netty.util.internal.PlatformDependent0.<clinit>(PlatformDependent0.java:266) ~[cosmicreach-processed-server-46cdae0b1f-0.3.14-processed-server-46cdae0b1f.jar:?]
	at io.netty.util.internal.PlatformDependent.isAndroid(PlatformDependent.java:208) ~[cosmicreach-processed-server-46cdae0b1f-0.3.14-processed-server-46cdae0b1f.jar:?]
	at io.netty.util.internal.PlatformDependent.<clinit>(PlatformDependent.java:79) ~[cosmicreach-processed-server-46cdae0b1f-0.3.14-processed-server-46cdae0b1f.jar:?]
	at io.netty.util.ConstantPool.<init>(ConstantPool.java:32) ~[cosmicreach-processed-server-46cdae0b1f-0.3.14-processed-server-46cdae0b1f.jar:?]
	at io.netty.util.AttributeKey$1.<init>(AttributeKey.java:27) ~[cosmicreach-processed-server-46cdae0b1f-0.3.14-processed-server-46cdae0b1f.jar:?]
	at io.netty.util.AttributeKey.<clinit>(AttributeKey.java:27) ~[cosmicreach-processed-server-46cdae0b1f-0.3.14-processed-server-46cdae0b1f.jar:?]
	at finalforeach.cosmicreach.networking.server.ServerSingletons.<clinit>(ServerSingletons.java:47) ~[cosmicreach-processed-server-46cdae0b1f-0.3.14-processed-server-46cdae0b1f.jar:?]
	at finalforeach.cosmicreach.server.ServerLauncher.main(ServerLauncher.java:43) ~[cosmicreach-processed-server-46cdae0b1f-0.3.14-processed-server-46cdae0b1f.jar:?]
	at jdk.internal.reflect.NativeMethodAccessorImpl.invoke0(Native Method) ~[?:?]
	at jdk.internal.reflect.NativeMethodAccessorImpl.invoke(NativeMethodAccessorImpl.java:77) ~[?:?]
	at jdk.internal.reflect.DelegatingMethodAccessorImpl.invoke(DelegatingMethodAccessorImpl.java:43) ~[?:?]
	at java.lang.reflect.Method.invoke(Method.java:568) ~[?:?]
	at com.github.puzzle.core.loader.util.MethodUtil.runStaticMethod(MethodUtil.java:19) ~[PuzzleLoader-2.2.2-client.jar:?]
	at com.github.puzzle.core.loader.launch.Piece.launch(Piece.java:108) ~[PuzzleLoader-2.2.2-client.jar:?]
	at com.github.puzzle.core.loader.launch.Piece.launch(Piece.java:43) ~[PuzzleLoader-2.2.2-client.jar:?]
	at com.github.puzzle.core.loader.launch.pieces.ServerPiece.main(ServerPiece.java:9) ~[PuzzleLoader-2.2.2-client.jar:?]
	at net.fabricmc.devlaunchinjector.Main.main(Main.java:86) ~[Main.class:?]
[23:28:48] [main/DEBUG] (io.netty.util.internal.PlatformDependent0) jdk.internal.misc.Unsafe.allocateUninitializedArray(int): unavailable
java.lang.IllegalAccessException: class io.netty.util.internal.PlatformDependent0$6 cannot access class jdk.internal.misc.Unsafe (in module java.base) because module java.base does not export jdk.internal.misc to unnamed module @65fe9e33
	at jdk.internal.reflect.Reflection.newIllegalAccessException(Reflection.java:392) ~[?:?]
	at java.lang.reflect.AccessibleObject.checkAccess(AccessibleObject.java:674) ~[?:?]
	at java.lang.reflect.Method.invoke(Method.java:560) ~[?:?]
	at io.netty.util.internal.PlatformDependent0$6.run(PlatformDependent0.java:315) ~[cosmicreach-processed-server-46cdae0b1f-0.3.14-processed-server-46cdae0b1f.jar:?]
	at java.security.AccessController.doPrivileged(AccessController.java:318) ~[?:?]
	at io.netty.util.internal.PlatformDependent0.<clinit>(PlatformDependent0.java:306) ~[cosmicreach-processed-server-46cdae0b1f-0.3.14-processed-server-46cdae0b1f.jar:?]
	at io.netty.util.internal.PlatformDependent.isAndroid(PlatformDependent.java:208) ~[cosmicreach-processed-server-46cdae0b1f-0.3.14-processed-server-46cdae0b1f.jar:?]
	at io.netty.util.internal.PlatformDependent.<clinit>(PlatformDependent.java:79) ~[cosmicreach-processed-server-46cdae0b1f-0.3.14-processed-server-46cdae0b1f.jar:?]
	at io.netty.util.ConstantPool.<init>(ConstantPool.java:32) ~[cosmicreach-processed-server-46cdae0b1f-0.3.14-processed-server-46cdae0b1f.jar:?]
	at io.netty.util.AttributeKey$1.<init>(AttributeKey.java:27) ~[cosmicreach-processed-server-46cdae0b1f-0.3.14-processed-server-46cdae0b1f.jar:?]
	at io.netty.util.AttributeKey.<clinit>(AttributeKey.java:27) ~[cosmicreach-processed-server-46cdae0b1f-0.3.14-processed-server-46cdae0b1f.jar:?]
	at finalforeach.cosmicreach.networking.server.ServerSingletons.<clinit>(ServerSingletons.java:47) ~[cosmicreach-processed-server-46cdae0b1f-0.3.14-processed-server-46cdae0b1f.jar:?]
	at finalforeach.cosmicreach.server.ServerLauncher.main(ServerLauncher.java:43) ~[cosmicreach-processed-server-46cdae0b1f-0.3.14-processed-server-46cdae0b1f.jar:?]
	at jdk.internal.reflect.NativeMethodAccessorImpl.invoke0(Native Method) ~[?:?]
	at jdk.internal.reflect.NativeMethodAccessorImpl.invoke(NativeMethodAccessorImpl.java:77) ~[?:?]
	at jdk.internal.reflect.DelegatingMethodAccessorImpl.invoke(DelegatingMethodAccessorImpl.java:43) ~[?:?]
	at java.lang.reflect.Method.invoke(Method.java:568) ~[?:?]
	at com.github.puzzle.core.loader.util.MethodUtil.runStaticMethod(MethodUtil.java:19) ~[PuzzleLoader-2.2.2-client.jar:?]
	at com.github.puzzle.core.loader.launch.Piece.launch(Piece.java:108) ~[PuzzleLoader-2.2.2-client.jar:?]
	at com.github.puzzle.core.loader.launch.Piece.launch(Piece.java:43) ~[PuzzleLoader-2.2.2-client.jar:?]
	at com.github.puzzle.core.loader.launch.pieces.ServerPiece.main(ServerPiece.java:9) ~[PuzzleLoader-2.2.2-client.jar:?]
	at net.fabricmc.devlaunchinjector.Main.main(Main.java:86) ~[Main.class:?]
[23:28:48] [main/DEBUG] (io.netty.util.internal.PlatformDependent0) java.nio.DirectByteBuffer.<init>(long, int): unavailable
[23:28:48] [main/DEBUG] (io.netty.util.internal.PlatformDependent) sun.misc.Unsafe: available
[23:28:48] [main/DEBUG] (io.netty.util.internal.PlatformDependent) maxDirectMemory: 4234149888 bytes (maybe)
[23:28:48] [main/DEBUG] (io.netty.util.internal.PlatformDependent) -Dio.netty.tmpdir: C:\ProgramData\libGDX-temp (java.io.tmpdir)
[23:28:48] [main/DEBUG] (io.netty.util.internal.PlatformDependent) -Dio.netty.bitMode: 64 (sun.arch.data.model)
[23:28:48] [main/DEBUG] (io.netty.util.internal.PlatformDependent) -Dio.netty.noPreferDirect: false
[23:28:48] [main/DEBUG] (io.netty.util.internal.PlatformDependent) -Dio.netty.maxDirectMemory: -1 bytes
[23:28:48] [main/DEBUG] (io.netty.util.internal.PlatformDependent) -Dio.netty.uninitializedArrayAllocationThreshold: -1
[23:28:48] [main/DEBUG] (io.netty.util.internal.CleanerJava9) java.nio.ByteBuffer.cleaner(): available
[23:28:48] [main/DEBUG] (LaunchWrapper) Mixing ZoneLoggingMixin from mixins/common/logging.common.mixins.json into finalforeach.cosmicreach.world.Zone
[23:28:49] [main/DEBUG] (LaunchWrapper) Mixing BlockEventDisabler from mixins/common/fixes.common.mixins.json into finalforeach.cosmicreach.blockevents.BlockEvents
[23:28:49] [main/DEBUG] (LaunchWrapper) mixins/common/fixes.common.mixins.json:BlockEventDisabler from mod (unknown)->@Inject::initBlockEvents(Lorg/spongepowered/asm/mixin/injection/callback/CallbackInfo;)V does use it's CallbackInfo
[23:28:49] [GameLoader/DEBUG] (LaunchWrapper) Mixing ItemMixin from mixins/common/fixes.common.mixins.json into finalforeach.cosmicreach.items.Item
[23:28:49] [GameLoader/DEBUG] (LaunchWrapper) Mixing chat.CommandMixin from mixins/common/internal.common.mixins.json into finalforeach.cosmicreach.chat.commands.Command
[23:28:49] [GameLoader/DEBUG] (LaunchWrapper) Renaming synthetic method lambda$puzzleLoader$registerCommand0$0(Ljava/util/function/Supplier;Lcom/mojang/brigadier/context/CommandContext;)I to mdc2d350$lambda$puzzleLoader$registerCommand0$0$0 in mixins/common/internal.common.mixins.json:chat.CommandMixin from mod (unknown)
[23:28:49] [GameLoader/DEBUG] (LaunchWrapper) mixins/common/internal.common.mixins.json:chat.CommandMixin from mod (unknown)->@Inject::registerCommand(Ljava/util/function/Supplier;Ljava/lang/String;[Ljava/lang/String;Lorg/spongepowered/asm/mixin/injection/callback/CallbackInfo;)V does use it's CallbackInfo
[23:28:49] [GameLoader/DEBUG] (LaunchWrapper) Mixing assets.AssetLoaderMixin from mixins/common/internal.common.mixins.json into finalforeach.cosmicreach.GameAssetLoader
[23:28:49] [GameLoader/INFO] (Puzzle | AssetLoader) Loading [33m"block_events/block_events_c4.json"[37m from Cosmic Reach
[23:28:49] [GameLoader/INFO] (Puzzle | AssetLoader) Loading [33m"block_events/block_events_light_on.json"[37m from Cosmic Reach
[23:28:49] [GameLoader/INFO] (Puzzle | AssetLoader) Loading [33m"block_events/examples/block_events_set_sphere_example.json"[37m from Cosmic Reach
[23:28:49] [GameLoader/INFO] (Puzzle | AssetLoader) Loading [33m"block_events/block_events_growth.json"[37m from Cosmic Reach
[23:28:49] [GameLoader/INFO] (Puzzle | AssetLoader) Loading [33m"block_events/block_events_light_off.json"[37m from Cosmic Reach
[23:28:49] [GameLoader/INFO] (Puzzle | AssetLoader) Loading [33m"block_events/block_events_leaf_poplar.json"[37m from Cosmic Reach
[23:28:49] [GameLoader/INFO] (Puzzle | AssetLoader) Loading [33m"block_events/block_events_coconut.json"[37m from Cosmic Reach
[23:28:49] [GameLoader/INFO] (Puzzle | AssetLoader) Loading [33m"block_events/block_events_leaf_decay_poplar.json"[37m from Cosmic Reach
[23:28:49] [GameLoader/DEBUG] (LaunchWrapper) Mixing BlockStateLogging from mixins/common/logging.common.mixins.json into finalforeach.cosmicreach.blocks.BlockState
[23:28:49] [GameLoader/INFO] (Puzzle | AssetLoader) Loading [33m"block_events/examples/block_events_set_spherical_segment_example.json"[37m from Cosmic Reach
[23:28:49] [GameLoader/INFO] (Puzzle | AssetLoader) Loading [33m"block_events/block_events_sapling_poplar.json"[37m from Cosmic Reach
[23:28:49] [GameLoader/INFO] (Puzzle | AssetLoader) Loading [33m"block_events/block_events_coconut_decay.json"[37m from Cosmic Reach
[23:28:49] [GameLoader/INFO] (Puzzle | AssetLoader) Loading [33m"block_events/block_events_ice.json"[37m from Cosmic Reach
[23:28:49] [GameLoader/INFO] (Puzzle | AssetLoader) Loading [33m"block_events/block_events_glass.json"[37m from Cosmic Reach
[23:28:49] [GameLoader/INFO] (Puzzle | AssetLoader) Loading [33m"block_events/examples/block_events_set_cuboid_example.json"[37m from Cosmic Reach
[23:28:49] [GameLoader/INFO] (Puzzle | AssetLoader) Loading [33m"block_events/block_events_leaf_decay.json"[37m from Cosmic Reach
[23:28:49] [GameLoader/INFO] (Puzzle | AssetLoader) Loading [33m"block_events/block_events_air.json"[37m from Cosmic Reach
[23:28:49] [GameLoader/INFO] (Puzzle | AssetLoader) Loading [33m"block_events/block_events_default.json"[37m from Cosmic Reach
[23:28:49] [GameLoader/DEBUG] (LaunchWrapper) Mixing items.ticking.ItemEntityMixin from mixins/common/internal.common.mixins.json into finalforeach.cosmicreach.entities.ItemEntity
[23:28:49] [GameLoader/DEBUG] (LaunchWrapper) mixins/common/internal.common.mixins.json:items.ticking.ItemEntityMixin from mod (unknown)->@Inject::update(Lfinalforeach/cosmicreach/world/Zone;DLorg/spongepowered/asm/mixin/injection/callback/CallbackInfo;)V doesn't use it's CallbackInfo
[23:28:49] [GameLoader/DEBUG] (LaunchWrapper) mixins/common/internal.common.mixins.json:items.ticking.ItemEntityMixin from mod (unknown)->@Inject::update(Lfinalforeach/cosmicreach/world/Zone;DLorg/spongepowered/asm/mixin/injection/callback/CallbackInfo;)V has 0 override(s) in child classes
[23:28:49] [GameLoader/DEBUG] (LaunchWrapper) mixins/common/internal.common.mixins.json:items.ticking.ItemEntityMixin from mod (unknown)->@Inject::update(Lfinalforeach/cosmicreach/world/Zone;DLorg/spongepowered/asm/mixin/injection/callback/CallbackInfo;)V won't be passed a CallbackInfo as a result
[23:28:49] [GameLoader/INFO] (Puzzle | AssetLoader) Loading [33m"block_events/block_events_wood.json"[37m from Cosmic Reach
[23:28:49] [GameLoader/INFO] (Puzzle | AssetLoader) Loading [33m"block_events/block_events_boombox.json"[37m from Cosmic Reach
[23:28:49] [GameLoader/INFO] (Puzzle | AssetLoader) Loading [33m"block_events/block_events_air.json"[37m from Cosmic Reach
[23:28:49] [GameLoader/INFO] (Puzzle | AssetLoader) Loading [33m"block_events/block_events_boombox.json"[37m from Cosmic Reach
[23:28:49] [GameLoader/INFO] (Puzzle | AssetLoader) Loading [33m"block_events/block_events_c4.json"[37m from Cosmic Reach
[23:28:49] [GameLoader/INFO] (Puzzle | AssetLoader) Loading [33m"block_events/block_events_coconut.json"[37m from Cosmic Reach
[23:28:49] [GameLoader/INFO] (Puzzle | AssetLoader) Loading [33m"block_events/block_events_coconut_decay.json"[37m from Cosmic Reach
[23:28:49] [GameLoader/INFO] (Puzzle | AssetLoader) Loading [33m"block_events/block_events_default.json"[37m from Cosmic Reach
[23:28:49] [GameLoader/INFO] (Puzzle | AssetLoader) Loading [33m"block_events/block_events_glass.json"[37m from Cosmic Reach
[23:28:49] [GameLoader/INFO] (Puzzle | AssetLoader) Loading [33m"block_events/block_events_growth.json"[37m from Cosmic Reach
[23:28:49] [GameLoader/INFO] (Puzzle | AssetLoader) Loading [33m"block_events/block_events_ice.json"[37m from Cosmic Reach
[23:28:49] [GameLoader/INFO] (Puzzle | AssetLoader) Loading [33m"block_events/block_events_leaf_decay.json"[37m from Cosmic Reach
[23:28:49] [GameLoader/INFO] (Puzzle | AssetLoader) Loading [33m"block_events/block_events_leaf_decay_poplar.json"[37m from Cosmic Reach
[23:28:49] [GameLoader/INFO] (Puzzle | AssetLoader) Loading [33m"block_events/block_events_leaf_poplar.json"[37m from Cosmic Reach
[23:28:49] [GameLoader/INFO] (Puzzle | AssetLoader) Loading [33m"block_events/block_events_light_off.json"[37m from Cosmic Reach
[23:28:49] [GameLoader/INFO] (Puzzle | AssetLoader) Loading [33m"block_events/block_events_light_on.json"[37m from Cosmic Reach
[23:28:49] [GameLoader/INFO] (Puzzle | AssetLoader) Loading [33m"block_events/block_events_sapling_poplar.json"[37m from Cosmic Reach
[23:28:49] [GameLoader/INFO] (Puzzle | AssetLoader) Loading [33m"block_events/block_events_wood.json"[37m from Cosmic Reach
[23:28:49] [GameLoader/INFO] (Puzzle | AssetLoader) Loading [33m"block_events/examples/block_events_set_cuboid_example.json"[37m from Cosmic Reach
[23:28:49] [GameLoader/INFO] (Puzzle | AssetLoader) Loading [33m"block_events/examples/block_events_set_sphere_example.json"[37m from Cosmic Reach
[23:28:49] [GameLoader/INFO] (Puzzle | AssetLoader) Loading [33m"block_events/examples/block_events_set_spherical_segment_example.json"[37m from Cosmic Reach
[23:28:49] [GameLoader/INFO] (Puzzle | AssetLoader) Loading [33m"blocks/air.json"[37m from Cosmic Reach
[23:28:49] [GameLoader/INFO] (BlockLoader) Registered event with ID [34m"base:air_puzzle_default_events"
[23:28:49] [GameLoader/INFO] (Puzzle | AssetLoader) Loading [33m"models/blocks/empty.json"[37m from Cosmic Reach
[23:28:49] [GameLoader/INFO] (Puzzle | AssetLoader) Loading [33m"blocks/aluminium_panel.json"[37m from Cosmic Reach
[23:28:49] [GameLoader/INFO] (BlockLoader) Registered event with ID [34m"base:aluminium_panel_puzzle_default_events"
[23:28:49] [GameLoader/INFO] (Puzzle | AssetLoader) Loading [33m"models/blocks/model_aluminium_panel.json"[37m from Cosmic Reach
[23:28:49] [GameLoader/INFO] (Puzzle | AssetLoader) Loading [33m"models/blocks/cube.json"[37m from Cosmic Reach
[23:28:49] [GameLoader/DEBUG] (LaunchWrapper) Mixing BlockStateGeneratorCopyFixer from mixins/common/fixes.common.mixins.json into finalforeach.cosmicreach.blocks.BlockStateGenerator
[23:28:49] [GameLoader/DEBUG] (LaunchWrapper) Mixing BlockStateGeneratorMixin from mixins/common/fixes.common.mixins.json into finalforeach.cosmicreach.blocks.BlockStateGenerator
[23:28:49] [GameLoader/INFO] (Puzzle | AssetLoader) Loading [33m"block_state_generators/rotated.json"[37m from Cosmic Reach
[23:28:49] [GameLoader/INFO] (Puzzle | AssetLoader) Loading [33m"block_state_generators/all_stairs_seamless.json"[37m from Cosmic Reach
[23:28:49] [GameLoader/INFO] (Puzzle | AssetLoader) Loading [33m"block_state_generators/all_slabs.json"[37m from Cosmic Reach
[23:28:49] [GameLoader/INFO] (Puzzle | AssetLoader) Loading [33m"block_state_generators/all_stairs_seamed.json"[37m from Cosmic Reach
[23:28:49] [GameLoader/INFO] (BlockLoader) Transforming block state [34m"base:aluminium_panel[default]"[0m with generator [34m"base:slabs_all"
[23:28:49] [GameLoader/INFO] (Puzzle | AssetLoader) Loading [33m"models/blocks/slab_bottom.json"[37m from Cosmic Reach
[23:28:49] [GameLoader/INFO] (Puzzle | AssetLoader) Loading [33m"models/blocks/slab_top.json"[37m from Cosmic Reach
[23:28:49] [GameLoader/INFO] (Puzzle | AssetLoader) Loading [33m"models/blocks/slab_vertical.json"[37m from Cosmic Reach
[23:28:49] [GameLoader/INFO] (Puzzle | AssetLoader) Loading [33m"models/blocks/model_aluminium_panel.json"[37m from Cosmic Reach
[23:28:49] [GameLoader/INFO] (Puzzle | AssetLoader) Loading [33m"models/blocks/cube.json"[37m from Cosmic Reach
[23:28:49] [GameLoader/INFO] (Puzzle | AssetLoader) Loading [33m"models/blocks/slab_vertical.json"[37m from Cosmic Reach
[23:28:49] [GameLoader/INFO] (Puzzle | AssetLoader) Loading [33m"models/blocks/model_aluminium_panel.json"[37m from Cosmic Reach
[23:28:49] [GameLoader/INFO] (Puzzle | AssetLoader) Loading [33m"models/blocks/cube.json"[37m from Cosmic Reach
[23:28:49] [GameLoader/INFO] (Puzzle | AssetLoader) Loading [33m"models/blocks/slab_vertical.json"[37m from Cosmic Reach
[23:28:49] [GameLoader/INFO] (Puzzle | AssetLoader) Loading [33m"models/blocks/model_aluminium_panel.json"[37m from Cosmic Reach
[23:28:49] [GameLoader/INFO] (Puzzle | AssetLoader) Loading [33m"models/blocks/cube.json"[37m from Cosmic Reach
[23:28:49] [GameLoader/INFO] (Puzzle | AssetLoader) Loading [33m"models/blocks/slab_vertical.json"[37m from Cosmic Reach
[23:28:49] [GameLoader/INFO] (BlockLoader) Transforming block state [34m"base:aluminium_panel[default]"[0m with generator [34m"base:stairs_seamed_all"
[23:28:49] [GameLoader/INFO] (Puzzle | AssetLoader) Loading [33m"models/blocks/stairs_seamed_bottom.json"[37m from Cosmic Reach
[23:28:49] [GameLoader/INFO] (Puzzle | AssetLoader) Loading [33m"models/blocks/stairs_seamed_bottom.json"[37m from Cosmic Reach
[23:28:49] [GameLoader/INFO] (Puzzle | AssetLoader) Loading [33m"models/blocks/stairs_seamed_bottom.json"[37m from Cosmic Reach
[23:28:49] [GameLoader/INFO] (Puzzle | AssetLoader) Loading [33m"models/blocks/stairs_seamed_bottom.json"[37m from Cosmic Reach
[23:28:49] [GameLoader/INFO] (Puzzle | AssetLoader) Loading [33m"blocks/asphalt.json"[37m from Cosmic Reach
[23:28:49] [GameLoader/INFO] (BlockLoader) Registered event with ID [34m"base:asphalt_puzzle_default_events"
[23:28:49] [GameLoader/INFO] (Puzzle | AssetLoader) Loading [33m"models/blocks/model_asphalt.json"[37m from Cosmic Reach
[23:28:49] [GameLoader/INFO] (BlockLoader) Transforming block state [34m"base:asphalt[default]"[0m with generator [34m"base:slabs_all"
[23:28:49] [GameLoader/INFO] (Puzzle | AssetLoader) Loading [33m"models/blocks/model_asphalt.json"[37m from Cosmic Reach
[23:28:49] [GameLoader/INFO] (Puzzle | AssetLoader) Loading [33m"models/blocks/model_asphalt.json"[37m from Cosmic Reach
[23:28:49] [GameLoader/INFO] (Puzzle | AssetLoader) Loading [33m"models/blocks/model_asphalt.json"[37m from Cosmic Reach
[23:28:49] [GameLoader/INFO] (BlockLoader) Transforming block state [34m"base:asphalt[default]"[0m with generator [34m"base:stairs_seamless_all"
[23:28:49] [GameLoader/INFO] (Puzzle | AssetLoader) Loading [33m"models/blocks/stairs_seamless_bottom.json"[37m from Cosmic Reach
[23:28:49] [GameLoader/INFO] (Puzzle | AssetLoader) Loading [33m"models/blocks/stairs_seamless_bottom.json"[37m from Cosmic Reach
[23:28:49] [GameLoader/INFO] (Puzzle | AssetLoader) Loading [33m"models/blocks/stairs_seamless_bottom.json"[37m from Cosmic Reach
[23:28:49] [GameLoader/INFO] (Puzzle | AssetLoader) Loading [33m"models/blocks/stairs_seamless_bottom.json"[37m from Cosmic Reach
[23:28:49] [GameLoader/INFO] (Puzzle | AssetLoader) Loading [33m"blocks/boombox.json"[37m from Cosmic Reach
[23:28:49] [GameLoader/INFO] (BlockLoader) Registered event with ID [34m"base:boombox_puzzle_default_events"
[23:28:49] [GameLoader/INFO] (Puzzle | AssetLoader) Loading [33m"models/blocks/model_boombox.json"[37m from Cosmic Reach
[23:28:49] [GameLoader/INFO] (Puzzle | AssetLoader) Loading [33m"blocks/bricks.json"[37m from Cosmic Reach
[23:28:49] [GameLoader/INFO] (BlockLoader) Registered event with ID [34m"base:bricks_puzzle_default_events"
[23:28:49] [GameLoader/INFO] (Puzzle | AssetLoader) Loading [33m"models/blocks/model_bricks.json"[37m from Cosmic Reach
[23:28:49] [GameLoader/INFO] (BlockLoader) Transforming block state [34m"base:bricks[default]"[0m with generator [34m"base:slabs_all"
[23:28:49] [GameLoader/INFO] (Puzzle | AssetLoader) Loading [33m"models/blocks/model_bricks.json"[37m from Cosmic Reach
[23:28:49] [GameLoader/INFO] (Puzzle | AssetLoader) Loading [33m"models/blocks/model_bricks.json"[37m from Cosmic Reach
[23:28:49] [GameLoader/INFO] (Puzzle | AssetLoader) Loading [33m"models/blocks/model_bricks.json"[37m from Cosmic Reach
[23:28:49] [GameLoader/INFO] (BlockLoader) Transforming block state [34m"base:bricks[default]"[0m with generator [34m"base:stairs_seamless_all"
[23:28:49] [GameLoader/INFO] (Puzzle | AssetLoader) Loading [33m"blocks/c4.json"[37m from Cosmic Reach
[23:28:49] [GameLoader/INFO] (BlockLoader) Registered event with ID [34m"base:c4_puzzle_default_events"
[23:28:49] [GameLoader/INFO] (Puzzle | AssetLoader) Loading [33m"models/blocks/model_c4.json"[37m from Cosmic Reach
[23:28:49] [GameLoader/INFO] (Puzzle | AssetLoader) Loading [33m"blocks/cheese.json"[37m from Cosmic Reach
[23:28:49] [GameLoader/INFO] (BlockLoader) Registered event with ID [34m"base:cheese_puzzle_default_events"
[23:28:49] [GameLoader/INFO] (Puzzle | AssetLoader) Loading [33m"models/blocks/model_cheese.json"[37m from Cosmic Reach
[23:28:49] [GameLoader/INFO] (BlockLoader) Transforming block state [34m"base:cheese[default]"[0m with generator [34m"base:slabs_all"
[23:28:49] [GameLoader/INFO] (Puzzle | AssetLoader) Loading [33m"models/blocks/model_cheese.json"[37m from Cosmic Reach
[23:28:49] [GameLoader/INFO] (Puzzle | AssetLoader) Loading [33m"models/blocks/model_cheese.json"[37m from Cosmic Reach
[23:28:49] [GameLoader/INFO] (Puzzle | AssetLoader) Loading [33m"models/blocks/model_cheese.json"[37m from Cosmic Reach
[23:28:49] [GameLoader/INFO] (BlockLoader) Transforming block state [34m"base:cheese[default]"[0m with generator [34m"base:stairs_seamless_all"
[23:28:49] [GameLoader/INFO] (Puzzle | AssetLoader) Loading [33m"blocks/coconut.json"[37m from Cosmic Reach
[23:28:49] [GameLoader/INFO] (BlockLoader) Registered event with ID [34m"base:coconut_puzzle_default_events"
[23:28:49] [GameLoader/INFO] (Puzzle | AssetLoader) Loading [33m"models/blocks/model_coconut.json"[37m from Cosmic Reach
[23:28:49] [GameLoader/INFO] (Puzzle | AssetLoader) Loading [33m"blocks/crate_wooden.json"[37m from Cosmic Reach
[23:28:49] [GameLoader/INFO] (BlockLoader) Registered event with ID [34m"base:crate_wooden_puzzle_default_events"
[23:28:49] [GameLoader/INFO] (Puzzle | AssetLoader) Loading [33m"models/blocks/model_crate_wooden.json"[37m from Cosmic Reach
[23:28:49] [GameLoader/INFO] (Puzzle | AssetLoader) Loading [33m"blocks/debug.json"[37m from Cosmic Reach
[23:28:49] [GameLoader/INFO] (BlockLoader) Registered event with ID [34m"base:debug_puzzle_default_events"
[23:28:49] [GameLoader/INFO] (Puzzle | AssetLoader) Loading [33m"models/blocks/model_debug.json"[37m from Cosmic Reach
[23:28:49] [GameLoader/INFO] (BlockLoader) Transforming block state [34m"base:debug[default]"[0m with generator [34m"base:slabs_all"
[23:28:49] [GameLoader/INFO] (Puzzle | AssetLoader) Loading [33m"models/blocks/model_debug.json"[37m from Cosmic Reach
[23:28:49] [GameLoader/INFO] (Puzzle | AssetLoader) Loading [33m"models/blocks/model_debug.json"[37m from Cosmic Reach
[23:28:49] [GameLoader/INFO] (Puzzle | AssetLoader) Loading [33m"models/blocks/model_debug.json"[37m from Cosmic Reach
[23:28:49] [GameLoader/INFO] (BlockLoader) Transforming block state [34m"base:debug[default]"[0m with generator [34m"base:stairs_seamless_all"
[23:28:49] [GameLoader/INFO] (Puzzle | AssetLoader) Loading [33m"blocks/dirt.json"[37m from Cosmic Reach
[23:28:49] [GameLoader/INFO] (BlockLoader) Registered event with ID [34m"base:dirt_puzzle_default_events"
[23:28:49] [GameLoader/INFO] (Puzzle | AssetLoader) Loading [33m"models/blocks/model_dirt.json"[37m from Cosmic Reach
[23:28:49] [GameLoader/INFO] (BlockLoader) Transforming block state [34m"base:dirt[default]"[0m with generator [34m"base:slabs_all"
[23:28:49] [GameLoader/INFO] (Puzzle | AssetLoader) Loading [33m"models/blocks/model_dirt.json"[37m from Cosmic Reach
[23:28:49] [GameLoader/INFO] (Puzzle | AssetLoader) Loading [33m"models/blocks/model_dirt.json"[37m from Cosmic Reach
[23:28:49] [GameLoader/INFO] (Puzzle | AssetLoader) Loading [33m"models/blocks/model_dirt.json"[37m from Cosmic Reach
[23:28:49] [GameLoader/INFO] (BlockLoader) Transforming block state [34m"base:dirt[default]"[0m with generator [34m"base:stairs_seamless_all"
[23:28:49] [GameLoader/INFO] (Puzzle | AssetLoader) Loading [33m"blocks/furnace.json"[37m from Cosmic Reach
[23:28:49] [GameLoader/INFO] (BlockLoader) Registered event with ID [34m"base:furnace_puzzle_default_events"
[23:28:49] [GameLoader/INFO] (Puzzle | AssetLoader) Loading [33m"models/blocks/model_furnace_unlit.json"[37m from Cosmic Reach
[23:28:49] [GameLoader/INFO] (Puzzle | AssetLoader) Loading [33m"models/blocks/model_furnace_lit.json"[37m from Cosmic Reach
[23:28:49] [GameLoader/INFO] (Puzzle | AssetLoader) Loading [33m"blocks/glass.json"[37m from Cosmic Reach
[23:28:49] [GameLoader/INFO] (BlockLoader) Registered event with ID [34m"base:glass_puzzle_default_events"
[23:28:49] [GameLoader/INFO] (Puzzle | AssetLoader) Loading [33m"models/blocks/model_glass.json"[37m from Cosmic Reach
[23:28:49] [GameLoader/INFO] (BlockLoader) Transforming block state [34m"base:glass[default]"[0m with generator [34m"base:slabs_all"
[23:28:49] [GameLoader/INFO] (Puzzle | AssetLoader) Loading [33m"models/blocks/model_glass.json"[37m from Cosmic Reach
[23:28:49] [GameLoader/INFO] (Puzzle | AssetLoader) Loading [33m"models/blocks/model_glass.json"[37m from Cosmic Reach
[23:28:49] [GameLoader/INFO] (Puzzle | AssetLoader) Loading [33m"models/blocks/model_glass.json"[37m from Cosmic Reach
[23:28:49] [GameLoader/INFO] (BlockLoader) Transforming block state [34m"base:glass[default]"[0m with generator [34m"base:stairs_seamed_all"
[23:28:49] [GameLoader/INFO] (Puzzle | AssetLoader) Loading [33m"blocks/grass.json"[37m from Cosmic Reach
[23:28:49] [GameLoader/INFO] (BlockLoader) Registered event with ID [34m"base:grass_puzzle_default_events"
[23:28:49] [GameLoader/INFO] (Puzzle | AssetLoader) Loading [33m"models/blocks/model_grass.json"[37m from Cosmic Reach
[23:28:49] [GameLoader/INFO] (Puzzle | AssetLoader) Loading [33m"models/blocks/model_grass_full.json"[37m from Cosmic Reach
[23:28:49] [GameLoader/INFO] (BlockLoader) Transforming block state [34m"base:grass[type=full]"[0m with generator [34m"base:slabs_all"
[23:28:49] [GameLoader/INFO] (Puzzle | AssetLoader) Loading [33m"models/blocks/model_grass_full.json"[37m from Cosmic Reach
[23:28:49] [GameLoader/INFO] (Puzzle | AssetLoader) Loading [33m"models/blocks/model_grass_full.json"[37m from Cosmic Reach
[23:28:49] [GameLoader/INFO] (Puzzle | AssetLoader) Loading [33m"models/blocks/model_grass_full.json"[37m from Cosmic Reach
[23:28:49] [GameLoader/INFO] (BlockLoader) Transforming block state [34m"base:grass[type=full]"[0m with generator [34m"base:stairs_seamless_all"
[23:28:49] [GameLoader/INFO] (Puzzle | AssetLoader) Loading [33m"blocks/hazard.json"[37m from Cosmic Reach
[23:28:49] [GameLoader/INFO] (BlockLoader) Registered event with ID [34m"base:hazard_puzzle_default_events"
[23:28:49] [GameLoader/INFO] (Puzzle | AssetLoader) Loading [33m"models/blocks/model_hazard.json"[37m from Cosmic Reach
[23:28:49] [GameLoader/INFO] (BlockLoader) Transforming block state [34m"base:hazard[default]"[0m with generator [34m"base:slabs_all"
[23:28:49] [GameLoader/INFO] (Puzzle | AssetLoader) Loading [33m"models/blocks/model_hazard.json"[37m from Cosmic Reach
[23:28:49] [GameLoader/INFO] (Puzzle | AssetLoader) Loading [33m"models/blocks/model_hazard.json"[37m from Cosmic Reach
[23:28:49] [GameLoader/INFO] (Puzzle | AssetLoader) Loading [33m"models/blocks/model_hazard.json"[37m from Cosmic Reach
[23:28:49] [GameLoader/INFO] (BlockLoader) Transforming block state [34m"base:hazard[default]"[0m with generator [34m"base:stairs_seamless_all"
[23:28:49] [GameLoader/INFO] (Puzzle | AssetLoader) Loading [33m"blocks/ice.json"[37m from Cosmic Reach
[23:28:49] [GameLoader/INFO] (BlockLoader) Registered event with ID [34m"base:ice_puzzle_default_events"
[23:28:49] [GameLoader/INFO] (Puzzle | AssetLoader) Loading [33m"models/blocks/model_ice.json"[37m from Cosmic Reach
[23:28:49] [GameLoader/INFO] (BlockLoader) Transforming block state [34m"base:ice[default]"[0m with generator [34m"base:slabs_all"
[23:28:49] [GameLoader/INFO] (Puzzle | AssetLoader) Loading [33m"models/blocks/model_ice.json"[37m from Cosmic Reach
[23:28:49] [GameLoader/INFO] (Puzzle | AssetLoader) Loading [33m"models/blocks/model_ice.json"[37m from Cosmic Reach
[23:28:49] [GameLoader/INFO] (Puzzle | AssetLoader) Loading [33m"models/blocks/model_ice.json"[37m from Cosmic Reach
[23:28:49] [GameLoader/INFO] (BlockLoader) Transforming block state [34m"base:ice[default]"[0m with generator [34m"base:stairs_seamless_all"
[23:28:49] [GameLoader/INFO] (Puzzle | AssetLoader) Loading [33m"blocks/leaves.json"[37m from Cosmic Reach
[23:28:49] [GameLoader/INFO] (BlockLoader) Registered event with ID [34m"base:leaves_puzzle_default_events"
[23:28:49] [GameLoader/INFO] (Puzzle | AssetLoader) Loading [33m"models/blocks/model_leaves.json"[37m from Cosmic Reach
[23:28:49] [GameLoader/INFO] (BlockLoader) Transforming block state [34m"base:leaves[type=permament]"[0m with generator [34m"base:slabs_all"
[23:28:49] [GameLoader/INFO] (Puzzle | AssetLoader) Loading [33m"models/blocks/model_leaves.json"[37m from Cosmic Reach
[23:28:49] [GameLoader/INFO] (Puzzle | AssetLoader) Loading [33m"models/blocks/model_leaves.json"[37m from Cosmic Reach
[23:28:49] [GameLoader/INFO] (Puzzle | AssetLoader) Loading [33m"models/blocks/model_leaves.json"[37m from Cosmic Reach
[23:28:49] [GameLoader/INFO] (BlockLoader) Transforming block state [34m"base:leaves[dist=1,type=decaying]"[0m with generator [34m"base:slabs_all"
[23:28:49] [GameLoader/INFO] (BlockLoader) Transforming block state [34m"base:leaves[dist=2,type=decaying]"[0m with generator [34m"base:slabs_all"
[23:28:49] [GameLoader/INFO] (BlockLoader) Transforming block state [34m"base:leaves[dist=3,type=decaying]"[0m with generator [34m"base:slabs_all"
[23:28:49] [GameLoader/INFO] (BlockLoader) Transforming block state [34m"base:leaves[dist=4,type=decaying]"[0m with generator [34m"base:slabs_all"
[23:28:49] [GameLoader/INFO] (Puzzle | AssetLoader) Loading [33m"blocks/leaves_poplar.json"[37m from Cosmic Reach
[23:28:49] [GameLoader/INFO] (BlockLoader) Registered event with ID [34m"base:leaves_poplar_puzzle_default_events"
[23:28:49] [GameLoader/INFO] (Puzzle | AssetLoader) Loading [33m"models/blocks/model_leaves_poplar.json"[37m from Cosmic Reach
[23:28:49] [GameLoader/INFO] (BlockLoader) Transforming block state [34m"base:leaves_poplar[type=permanent]"[0m with generator [34m"base:slabs_all"
[23:28:49] [GameLoader/INFO] (Puzzle | AssetLoader) Loading [33m"models/blocks/model_leaves_poplar.json"[37m from Cosmic Reach
[23:28:49] [GameLoader/INFO] (Puzzle | AssetLoader) Loading [33m"models/blocks/model_leaves_poplar.json"[37m from Cosmic Reach
[23:28:49] [GameLoader/INFO] (Puzzle | AssetLoader) Loading [33m"models/blocks/model_leaves_poplar.json"[37m from Cosmic Reach
[23:28:49] [GameLoader/INFO] (BlockLoader) Transforming block state [34m"base:leaves_poplar[dist=1,type=decaying]"[0m with generator [34m"base:slabs_all"
[23:28:49] [GameLoader/INFO] (BlockLoader) Transforming block state [34m"base:leaves_poplar[dist=2,type=decaying]"[0m with generator [34m"base:slabs_all"
[23:28:49] [GameLoader/INFO] (BlockLoader) Transforming block state [34m"base:leaves_poplar[dist=3,type=decaying]"[0m with generator [34m"base:slabs_all"
[23:28:49] [GameLoader/INFO] (BlockLoader) Transforming block state [34m"base:leaves_poplar[dist=4,type=decaying]"[0m with generator [34m"base:slabs_all"
[23:28:49] [GameLoader/INFO] (Puzzle | AssetLoader) Loading [33m"blocks/light.json"[37m from Cosmic Reach
[23:28:49] [GameLoader/INFO] (BlockLoader) Registered event with ID [34m"base:light_puzzle_default_events"
[23:28:49] [GameLoader/INFO] (Puzzle | AssetLoader) Loading [33m"models/blocks/model_light_off.json"[37m from Cosmic Reach
[23:28:49] [GameLoader/INFO] (Puzzle | AssetLoader) Loading [33m"models/blocks/model_light_base.json"[37m from Cosmic Reach
[23:28:49] [GameLoader/INFO] (Puzzle | AssetLoader) Loading [33m"models/blocks/cube_no_ao.json"[37m from Cosmic Reach
[23:28:49] [GameLoader/INFO] (BlockLoader) Transforming block state [34m"base:light[power=off,lightRed=15,lightGreen=15,lightBlue=15]"[0m with generator [34m"base:slabs_all"
[23:28:49] [GameLoader/INFO] (Puzzle | AssetLoader) Loading [33m"models/blocks/model_light_off.json"[37m from Cosmic Reach
[23:28:49] [GameLoader/INFO] (Puzzle | AssetLoader) Loading [33m"models/blocks/model_light_base.json"[37m from Cosmic Reach
[23:28:49] [GameLoader/INFO] (Puzzle | AssetLoader) Loading [33m"models/blocks/cube_no_ao.json"[37m from Cosmic Reach
[23:28:49] [GameLoader/INFO] (Puzzle | AssetLoader) Loading [33m"models/blocks/model_light_off.json"[37m from Cosmic Reach
[23:28:49] [GameLoader/INFO] (Puzzle | AssetLoader) Loading [33m"models/blocks/model_light_base.json"[37m from Cosmic Reach
[23:28:49] [GameLoader/INFO] (Puzzle | AssetLoader) Loading [33m"models/blocks/cube_no_ao.json"[37m from Cosmic Reach
[23:28:49] [GameLoader/INFO] (Puzzle | AssetLoader) Loading [33m"models/blocks/model_light_off.json"[37m from Cosmic Reach
[23:28:49] [GameLoader/INFO] (Puzzle | AssetLoader) Loading [33m"models/blocks/model_light_base.json"[37m from Cosmic Reach
[23:28:49] [GameLoader/INFO] (Puzzle | AssetLoader) Loading [33m"models/blocks/cube_no_ao.json"[37m from Cosmic Reach
[23:28:49] [GameLoader/INFO] (Puzzle | AssetLoader) Loading [33m"models/blocks/model_light_white.json"[37m from Cosmic Reach
[23:28:49] [GameLoader/INFO] (BlockLoader) Transforming block state [34m"base:light[power=on,lightRed=15,lightGreen=15,lightBlue=15]"[0m with generator [34m"base:slabs_all"
[23:28:49] [GameLoader/INFO] (Puzzle | AssetLoader) Loading [33m"models/blocks/model_light_white.json"[37m from Cosmic Reach
[23:28:49] [GameLoader/INFO] (Puzzle | AssetLoader) Loading [33m"models/blocks/model_light_white.json"[37m from Cosmic Reach
[23:28:49] [GameLoader/INFO] (Puzzle | AssetLoader) Loading [33m"models/blocks/model_light_white.json"[37m from Cosmic Reach
[23:28:49] [GameLoader/INFO] (BlockLoader) Transforming block state [34m"base:light[power=off,lightRed=15,lightGreen=0,lightBlue=0]"[0m with generator [34m"base:slabs_all"
[23:28:49] [GameLoader/INFO] (Puzzle | AssetLoader) Loading [33m"models/blocks/model_light_red.json"[37m from Cosmic Reach
[23:28:49] [GameLoader/INFO] (BlockLoader) Transforming block state [34m"base:light[power=on,lightRed=15,lightGreen=0,lightBlue=0]"[0m with generator [34m"base:slabs_all"
[23:28:49] [GameLoader/INFO] (Puzzle | AssetLoader) Loading [33m"models/blocks/model_light_red.json"[37m from Cosmic Reach
[23:28:49] [GameLoader/INFO] (Puzzle | AssetLoader) Loading [33m"models/blocks/model_light_red.json"[37m from Cosmic Reach
[23:28:49] [GameLoader/INFO] (Puzzle | AssetLoader) Loading [33m"models/blocks/model_light_red.json"[37m from Cosmic Reach
[23:28:49] [GameLoader/INFO] (BlockLoader) Transforming block state [34m"base:light[power=off,lightRed=13,lightGreen=7,lightBlue=0]"[0m with generator [34m"base:slabs_all"
[23:28:49] [GameLoader/INFO] (Puzzle | AssetLoader) Loading [33m"models/blocks/model_light_orange.json"[37m from Cosmic Reach
[23:28:49] [GameLoader/INFO] (BlockLoader) Transforming block state [34m"base:light[power=on,lightRed=13,lightGreen=7,lightBlue=0]"[0m with generator [34m"base:slabs_all"
[23:28:49] [GameLoader/INFO] (Puzzle | AssetLoader) Loading [33m"models/blocks/model_light_orange.json"[37m from Cosmic Reach
[23:28:49] [GameLoader/INFO] (Puzzle | AssetLoader) Loading [33m"models/blocks/model_light_orange.json"[37m from Cosmic Reach
[23:28:49] [GameLoader/INFO] (Puzzle | AssetLoader) Loading [33m"models/blocks/model_light_orange.json"[37m from Cosmic Reach
[23:28:49] [GameLoader/INFO] (BlockLoader) Transforming block state [34m"base:light[power=off,lightRed=13,lightGreen=13,lightBlue=0]"[0m with generator [34m"base:slabs_all"
[23:28:49] [GameLoader/INFO] (Puzzle | AssetLoader) Loading [33m"models/blocks/model_light_yellow.json"[37m from Cosmic Reach
[23:28:49] [GameLoader/INFO] (BlockLoader) Transforming block state [34m"base:light[power=on,lightRed=13,lightGreen=13,lightBlue=0]"[0m with generator [34m"base:slabs_all"
[23:28:49] [GameLoader/INFO] (Puzzle | AssetLoader) Loading [33m"models/blocks/model_light_yellow.json"[37m from Cosmic Reach
[23:28:49] [GameLoader/INFO] (Puzzle | AssetLoader) Loading [33m"models/blocks/model_light_yellow.json"[37m from Cosmic Reach
[23:28:49] [GameLoader/INFO] (Puzzle | AssetLoader) Loading [33m"models/blocks/model_light_yellow.json"[37m from Cosmic Reach
[23:28:49] [GameLoader/INFO] (BlockLoader) Transforming block state [34m"base:light[power=off,lightRed=7,lightGreen=13,lightBlue=0]"[0m with generator [34m"base:slabs_all"
[23:28:49] [GameLoader/INFO] (Puzzle | AssetLoader) Loading [33m"models/blocks/model_light_lime.json"[37m from Cosmic Reach
[23:28:49] [GameLoader/INFO] (BlockLoader) Transforming block state [34m"base:light[power=on,lightRed=7,lightGreen=13,lightBlue=0]"[0m with generator [34m"base:slabs_all"
[23:28:49] [GameLoader/INFO] (Puzzle | AssetLoader) Loading [33m"models/blocks/model_light_lime.json"[37m from Cosmic Reach
[23:28:49] [GameLoader/INFO] (Puzzle | AssetLoader) Loading [33m"models/blocks/model_light_lime.json"[37m from Cosmic Reach
[23:28:49] [GameLoader/INFO] (Puzzle | AssetLoader) Loading [33m"models/blocks/model_light_lime.json"[37m from Cosmic Reach
[23:28:49] [GameLoader/INFO] (BlockLoader) Transforming block state [34m"base:light[power=off,lightRed=0,lightGreen=15,lightBlue=0]"[0m with generator [34m"base:slabs_all"
[23:28:49] [GameLoader/INFO] (Puzzle | AssetLoader) Loading [33m"models/blocks/model_light_green.json"[37m from Cosmic Reach
[23:28:49] [GameLoader/INFO] (BlockLoader) Transforming block state [34m"base:light[power=on,lightRed=0,lightGreen=15,lightBlue=0]"[0m with generator [34m"base:slabs_all"
[23:28:49] [GameLoader/INFO] (Puzzle | AssetLoader) Loading [33m"models/blocks/model_light_green.json"[37m from Cosmic Reach
[23:28:49] [GameLoader/INFO] (Puzzle | AssetLoader) Loading [33m"models/blocks/model_light_green.json"[37m from Cosmic Reach
[23:28:49] [GameLoader/INFO] (Puzzle | AssetLoader) Loading [33m"models/blocks/model_light_green.json"[37m from Cosmic Reach
[23:28:49] [GameLoader/INFO] (BlockLoader) Transforming block state [34m"base:light[power=off,lightRed=0,lightGreen=13,lightBlue=7]"[0m with generator [34m"base:slabs_all"
[23:28:49] [GameLoader/INFO] (Puzzle | AssetLoader) Loading [33m"models/blocks/model_light_spring_green.json"[37m from Cosmic Reach
[23:28:49] [GameLoader/INFO] (BlockLoader) Transforming block state [34m"base:light[power=on,lightRed=0,lightGreen=13,lightBlue=7]"[0m with generator [34m"base:slabs_all"
[23:28:49] [GameLoader/INFO] (Puzzle | AssetLoader) Loading [33m"models/blocks/model_light_spring_green.json"[37m from Cosmic Reach
[23:28:49] [GameLoader/INFO] (Puzzle | AssetLoader) Loading [33m"models/blocks/model_light_spring_green.json"[37m from Cosmic Reach
[23:28:49] [GameLoader/INFO] (Puzzle | AssetLoader) Loading [33m"models/blocks/model_light_spring_green.json"[37m from Cosmic Reach
[23:28:49] [GameLoader/INFO] (BlockLoader) Transforming block state [34m"base:light[power=off,lightRed=0,lightGreen=13,lightBlue=13]"[0m with generator [34m"base:slabs_all"
[23:28:49] [GameLoader/INFO] (Puzzle | AssetLoader) Loading [33m"models/blocks/model_light_cyan.json"[37m from Cosmic Reach
[23:28:49] [GameLoader/INFO] (BlockLoader) Transforming block state [34m"base:light[power=on,lightRed=0,lightGreen=13,lightBlue=13]"[0m with generator [34m"base:slabs_all"
[23:28:49] [GameLoader/INFO] (Puzzle | AssetLoader) Loading [33m"models/blocks/model_light_cyan.json"[37m from Cosmic Reach
[23:28:49] [GameLoader/INFO] (Puzzle | AssetLoader) Loading [33m"models/blocks/model_light_cyan.json"[37m from Cosmic Reach
[23:28:49] [GameLoader/INFO] (Puzzle | AssetLoader) Loading [33m"models/blocks/model_light_cyan.json"[37m from Cosmic Reach
[23:28:49] [GameLoader/INFO] (BlockLoader) Transforming block state [34m"base:light[power=off,lightRed=0,lightGreen=7,lightBlue=13]"[0m with generator [34m"base:slabs_all"
[23:28:49] [GameLoader/INFO] (Puzzle | AssetLoader) Loading [33m"models/blocks/model_light_azure.json"[37m from Cosmic Reach
[23:28:49] [GameLoader/INFO] (BlockLoader) Transforming block state [34m"base:light[power=on,lightRed=0,lightGreen=7,lightBlue=13]"[0m with generator [34m"base:slabs_all"
[23:28:49] [GameLoader/INFO] (Puzzle | AssetLoader) Loading [33m"models/blocks/model_light_azure.json"[37m from Cosmic Reach
[23:28:49] [GameLoader/INFO] (Puzzle | AssetLoader) Loading [33m"models/blocks/model_light_azure.json"[37m from Cosmic Reach
[23:28:49] [GameLoader/INFO] (Puzzle | AssetLoader) Loading [33m"models/blocks/model_light_azure.json"[37m from Cosmic Reach
[23:28:49] [GameLoader/INFO] (BlockLoader) Transforming block state [34m"base:light[power=off,lightRed=0,lightGreen=0,lightBlue=15]"[0m with generator [34m"base:slabs_all"
[23:28:49] [GameLoader/INFO] (Puzzle | AssetLoader) Loading [33m"models/blocks/model_light_blue.json"[37m from Cosmic Reach
[23:28:49] [GameLoader/INFO] (BlockLoader) Transforming block state [34m"base:light[power=on,lightRed=0,lightGreen=0,lightBlue=15]"[0m with generator [34m"base:slabs_all"
[23:28:49] [GameLoader/INFO] (Puzzle | AssetLoader) Loading [33m"models/blocks/model_light_blue.json"[37m from Cosmic Reach
[23:28:49] [GameLoader/INFO] (Puzzle | AssetLoader) Loading [33m"models/blocks/model_light_blue.json"[37m from Cosmic Reach
[23:28:49] [GameLoader/INFO] (Puzzle | AssetLoader) Loading [33m"models/blocks/model_light_blue.json"[37m from Cosmic Reach
[23:28:49] [GameLoader/INFO] (BlockLoader) Transforming block state [34m"base:light[power=off,lightRed=7,lightGreen=0,lightBlue=13]"[0m with generator [34m"base:slabs_all"
[23:28:49] [GameLoader/INFO] (Puzzle | AssetLoader) Loading [33m"models/blocks/model_light_violet.json"[37m from Cosmic Reach
[23:28:49] [GameLoader/INFO] (BlockLoader) Transforming block state [34m"base:light[power=on,lightRed=7,lightGreen=0,lightBlue=13]"[0m with generator [34m"base:slabs_all"
[23:28:49] [GameLoader/INFO] (Puzzle | AssetLoader) Loading [33m"models/blocks/model_light_violet.json"[37m from Cosmic Reach
[23:28:49] [GameLoader/INFO] (Puzzle | AssetLoader) Loading [33m"models/blocks/model_light_violet.json"[37m from Cosmic Reach
[23:28:49] [GameLoader/INFO] (Puzzle | AssetLoader) Loading [33m"models/blocks/model_light_violet.json"[37m from Cosmic Reach
[23:28:49] [GameLoader/INFO] (BlockLoader) Transforming block state [34m"base:light[power=off,lightRed=13,lightGreen=0,lightBlue=13]"[0m with generator [34m"base:slabs_all"
[23:28:49] [GameLoader/INFO] (Puzzle | AssetLoader) Loading [33m"models/blocks/model_light_magenta.json"[37m from Cosmic Reach
[23:28:49] [GameLoader/INFO] (BlockLoader) Transforming block state [34m"base:light[power=on,lightRed=13,lightGreen=0,lightBlue=13]"[0m with generator [34m"base:slabs_all"
[23:28:49] [GameLoader/INFO] (Puzzle | AssetLoader) Loading [33m"models/blocks/model_light_magenta.json"[37m from Cosmic Reach
[23:28:49] [GameLoader/INFO] (Puzzle | AssetLoader) Loading [33m"models/blocks/model_light_magenta.json"[37m from Cosmic Reach
[23:28:49] [GameLoader/INFO] (Puzzle | AssetLoader) Loading [33m"models/blocks/model_light_magenta.json"[37m from Cosmic Reach
[23:28:49] [GameLoader/INFO] (BlockLoader) Transforming block state [34m"base:light[power=off,lightRed=13,lightGreen=0,lightBlue=7]"[0m with generator [34m"base:slabs_all"
[23:28:49] [GameLoader/INFO] (Puzzle | AssetLoader) Loading [33m"models/blocks/model_light_rose.json"[37m from Cosmic Reach
[23:28:49] [GameLoader/INFO] (BlockLoader) Transforming block state [34m"base:light[power=on,lightRed=13,lightGreen=0,lightBlue=7]"[0m with generator [34m"base:slabs_all"
[23:28:49] [GameLoader/INFO] (Puzzle | AssetLoader) Loading [33m"models/blocks/model_light_rose.json"[37m from Cosmic Reach
[23:28:49] [GameLoader/INFO] (Puzzle | AssetLoader) Loading [33m"models/blocks/model_light_rose.json"[37m from Cosmic Reach
[23:28:49] [GameLoader/INFO] (Puzzle | AssetLoader) Loading [33m"models/blocks/model_light_rose.json"[37m from Cosmic Reach
[23:28:49] [GameLoader/INFO] (Puzzle | AssetLoader) Loading [33m"blocks/lunar_soil.json"[37m from Cosmic Reach
[23:28:49] [GameLoader/INFO] (BlockLoader) Registered event with ID [34m"base:lunar_soil_puzzle_default_events"
[23:28:49] [GameLoader/INFO] (Puzzle | AssetLoader) Loading [33m"models/blocks/model_lunar_soil.json"[37m from Cosmic Reach
[23:28:49] [GameLoader/INFO] (BlockLoader) Transforming block state [34m"base:lunar_soil[default]"[0m with generator [34m"base:slabs_all"
[23:28:49] [GameLoader/INFO] (Puzzle | AssetLoader) Loading [33m"models/blocks/model_lunar_soil.json"[37m from Cosmic Reach
[23:28:49] [GameLoader/INFO] (Puzzle | AssetLoader) Loading [33m"models/blocks/model_lunar_soil.json"[37m from Cosmic Reach
[23:28:49] [GameLoader/INFO] (Puzzle | AssetLoader) Loading [33m"models/blocks/model_lunar_soil.json"[37m from Cosmic Reach
[23:28:49] [GameLoader/INFO] (BlockLoader) Transforming block state [34m"base:lunar_soil[default]"[0m with generator [34m"base:stairs_seamless_all"
[23:28:49] [GameLoader/INFO] (Puzzle | AssetLoader) Loading [33m"blocks/lunar_soil_packed.json"[37m from Cosmic Reach
[23:28:49] [GameLoader/INFO] (BlockLoader) Registered event with ID [34m"base:lunar_soil_packed_puzzle_default_events"
[23:28:49] [GameLoader/INFO] (Puzzle | AssetLoader) Loading [33m"models/blocks/model_lunar_soil_packed.json"[37m from Cosmic Reach
[23:28:49] [GameLoader/INFO] (BlockLoader) Transforming block state [34m"base:lunar_soil_packed[default]"[0m with generator [34m"base:slabs_all"
[23:28:49] [GameLoader/INFO] (Puzzle | AssetLoader) Loading [33m"models/blocks/model_lunar_soil_packed.json"[37m from Cosmic Reach
[23:28:49] [GameLoader/INFO] (Puzzle | AssetLoader) Loading [33m"models/blocks/model_lunar_soil_packed.json"[37m from Cosmic Reach
[23:28:49] [GameLoader/INFO] (Puzzle | AssetLoader) Loading [33m"models/blocks/model_lunar_soil_packed.json"[37m from Cosmic Reach
[23:28:49] [GameLoader/INFO] (BlockLoader) Transforming block state [34m"base:lunar_soil_packed[default]"[0m with generator [34m"base:stairs_seamed_all"
[23:28:49] [GameLoader/INFO] (Puzzle | AssetLoader) Loading [33m"blocks/magma.json"[37m from Cosmic Reach
[23:28:49] [GameLoader/INFO] (BlockLoader) Registered event with ID [34m"base:magma_puzzle_default_events"
[23:28:49] [GameLoader/INFO] (Puzzle | AssetLoader) Loading [33m"models/blocks/model_magma.json"[37m from Cosmic Reach
[23:28:49] [GameLoader/INFO] (BlockLoader) Transforming block state [34m"base:magma[default]"[0m with generator [34m"base:slabs_all"
[23:28:49] [GameLoader/INFO] (Puzzle | AssetLoader) Loading [33m"models/blocks/model_magma.json"[37m from Cosmic Reach
[23:28:49] [GameLoader/INFO] (Puzzle | AssetLoader) Loading [33m"models/blocks/model_magma.json"[37m from Cosmic Reach
[23:28:49] [GameLoader/INFO] (Puzzle | AssetLoader) Loading [33m"models/blocks/model_magma.json"[37m from Cosmic Reach
[23:28:49] [GameLoader/INFO] (BlockLoader) Transforming block state [34m"base:magma[default]"[0m with generator [34m"base:stairs_seamless_all"
[23:28:49] [GameLoader/INFO] (Puzzle | AssetLoader) Loading [33m"blocks/metal_panel.json"[37m from Cosmic Reach
[23:28:49] [GameLoader/INFO] (BlockLoader) Registered event with ID [34m"base:metal_panel_puzzle_default_events"
[23:28:49] [GameLoader/INFO] (Puzzle | AssetLoader) Loading [33m"models/blocks/model_metal_panel.json"[37m from Cosmic Reach
[23:28:49] [GameLoader/INFO] (BlockLoader) Transforming block state [34m"base:metal_panel[default]"[0m with generator [34m"base:slabs_all"
[23:28:49] [GameLoader/INFO] (Puzzle | AssetLoader) Loading [33m"models/blocks/model_metal_panel.json"[37m from Cosmic Reach
[23:28:49] [GameLoader/INFO] (Puzzle | AssetLoader) Loading [33m"models/blocks/model_metal_panel.json"[37m from Cosmic Reach
[23:28:49] [GameLoader/INFO] (Puzzle | AssetLoader) Loading [33m"models/blocks/model_metal_panel.json"[37m from Cosmic Reach
[23:28:49] [GameLoader/INFO] (BlockLoader) Transforming block state [34m"base:metal_panel[default]"[0m with generator [34m"base:stairs_seamed_all"
[23:28:49] [GameLoader/INFO] (Puzzle | AssetLoader) Loading [33m"blocks/ore_bauxite.json"[37m from Cosmic Reach
[23:28:49] [GameLoader/INFO] (BlockLoader) Registered event with ID [34m"base:ore_bauxite_puzzle_default_events"
[23:28:49] [GameLoader/INFO] (Puzzle | AssetLoader) Loading [33m"models/blocks/model_ore_bauxite.json"[37m from Cosmic Reach
[23:28:49] [GameLoader/INFO] (Puzzle | AssetLoader) Loading [33m"blocks/ore_gold.json"[37m from Cosmic Reach
[23:28:49] [GameLoader/INFO] (BlockLoader) Registered event with ID [34m"base:ore_gold_puzzle_default_events"
[23:28:49] [GameLoader/INFO] (Puzzle | AssetLoader) Loading [33m"models/blocks/model_ore_gold.json"[37m from Cosmic Reach
[23:28:49] [GameLoader/INFO] (Puzzle | AssetLoader) Loading [33m"blocks/ore_iron.json"[37m from Cosmic Reach
[23:28:49] [GameLoader/INFO] (BlockLoader) Registered event with ID [34m"base:ore_iron_puzzle_default_events"
[23:28:49] [GameLoader/INFO] (Puzzle | AssetLoader) Loading [33m"models/blocks/model_ore_iron.json"[37m from Cosmic Reach
[23:28:49] [GameLoader/INFO] (Puzzle | AssetLoader) Loading [33m"blocks/sand.json"[37m from Cosmic Reach
[23:28:49] [GameLoader/INFO] (BlockLoader) Registered event with ID [34m"base:sand_puzzle_default_events"
[23:28:49] [GameLoader/INFO] (Puzzle | AssetLoader) Loading [33m"models/blocks/model_sand.json"[37m from Cosmic Reach
[23:28:49] [GameLoader/INFO] (BlockLoader) Transforming block state [34m"base:sand[default]"[0m with generator [34m"base:slabs_all"
[23:28:49] [GameLoader/INFO] (Puzzle | AssetLoader) Loading [33m"models/blocks/model_sand.json"[37m from Cosmic Reach
[23:28:49] [GameLoader/INFO] (Puzzle | AssetLoader) Loading [33m"models/blocks/model_sand.json"[37m from Cosmic Reach
[23:28:49] [GameLoader/INFO] (Puzzle | AssetLoader) Loading [33m"models/blocks/model_sand.json"[37m from Cosmic Reach
[23:28:49] [GameLoader/INFO] (BlockLoader) Transforming block state [34m"base:sand[default]"[0m with generator [34m"base:stairs_seamless_all"
[23:28:49] [GameLoader/INFO] (Puzzle | AssetLoader) Loading [33m"blocks/sapling_poplar.json"[37m from Cosmic Reach
[23:28:49] [GameLoader/INFO] (BlockLoader) Registered event with ID [34m"base:sapling_poplar_puzzle_default_events"
[23:28:49] [GameLoader/INFO] (Puzzle | AssetLoader) Loading [33m"models/blocks/model_sapling_poplar.json"[37m from Cosmic Reach
[23:28:49] [GameLoader/INFO] (Puzzle | AssetLoader) Loading [33m"blocks/snow.json"[37m from Cosmic Reach
[23:28:49] [GameLoader/INFO] (BlockLoader) Registered event with ID [34m"base:snow_puzzle_default_events"
[23:28:49] [GameLoader/INFO] (Puzzle | AssetLoader) Loading [33m"models/blocks/model_snow.json"[37m from Cosmic Reach
[23:28:49] [GameLoader/INFO] (BlockLoader) Transforming block state [34m"base:snow[default]"[0m with generator [34m"base:slabs_all"
[23:28:49] [GameLoader/INFO] (Puzzle | AssetLoader) Loading [33m"models/blocks/model_snow.json"[37m from Cosmic Reach
[23:28:49] [GameLoader/INFO] (Puzzle | AssetLoader) Loading [33m"models/blocks/model_snow.json"[37m from Cosmic Reach
[23:28:49] [GameLoader/INFO] (Puzzle | AssetLoader) Loading [33m"models/blocks/model_snow.json"[37m from Cosmic Reach
[23:28:49] [GameLoader/INFO] (BlockLoader) Transforming block state [34m"base:snow[default]"[0m with generator [34m"base:stairs_seamless_all"
[23:28:49] [GameLoader/INFO] (Puzzle | AssetLoader) Loading [33m"blocks/stone_basalt.json"[37m from Cosmic Reach
[23:28:49] [GameLoader/INFO] (BlockLoader) Registered event with ID [34m"base:stone_basalt_puzzle_default_events"
[23:28:49] [GameLoader/INFO] (Puzzle | AssetLoader) Loading [33m"models/blocks/model_stone_basalt.json"[37m from Cosmic Reach
[23:28:49] [GameLoader/INFO] (BlockLoader) Transforming block state [34m"base:stone_basalt[default]"[0m with generator [34m"base:slabs_all"
[23:28:49] [GameLoader/INFO] (Puzzle | AssetLoader) Loading [33m"models/blocks/model_stone_basalt.json"[37m from Cosmic Reach
[23:28:49] [GameLoader/INFO] (Puzzle | AssetLoader) Loading [33m"models/blocks/model_stone_basalt.json"[37m from Cosmic Reach
[23:28:49] [GameLoader/INFO] (Puzzle | AssetLoader) Loading [33m"models/blocks/model_stone_basalt.json"[37m from Cosmic Reach
[23:28:49] [GameLoader/INFO] (BlockLoader) Transforming block state [34m"base:stone_basalt[default]"[0m with generator [34m"base:stairs_seamless_all"
[23:28:49] [GameLoader/INFO] (Puzzle | AssetLoader) Loading [33m"blocks/stone_gabbro.json"[37m from Cosmic Reach
[23:28:49] [GameLoader/INFO] (BlockLoader) Registered event with ID [34m"base:stone_gabbro_puzzle_default_events"
[23:28:49] [GameLoader/INFO] (Puzzle | AssetLoader) Loading [33m"models/blocks/model_stone_gabbro.json"[37m from Cosmic Reach
[23:28:49] [GameLoader/INFO] (BlockLoader) Transforming block state [34m"base:stone_gabbro[default]"[0m with generator [34m"base:slabs_all"
[23:28:49] [GameLoader/INFO] (Puzzle | AssetLoader) Loading [33m"models/blocks/model_stone_gabbro.json"[37m from Cosmic Reach
[23:28:49] [GameLoader/INFO] (Puzzle | AssetLoader) Loading [33m"models/blocks/model_stone_gabbro.json"[37m from Cosmic Reach
[23:28:49] [GameLoader/INFO] (Puzzle | AssetLoader) Loading [33m"models/blocks/model_stone_gabbro.json"[37m from Cosmic Reach
[23:28:49] [GameLoader/INFO] (BlockLoader) Transforming block state [34m"base:stone_gabbro[default]"[0m with generator [34m"base:stairs_seamless_all"
[23:28:49] [GameLoader/INFO] (Puzzle | AssetLoader) Loading [33m"blocks/stone_gravel.json"[37m from Cosmic Reach
[23:28:49] [GameLoader/INFO] (BlockLoader) Registered event with ID [34m"base:stone_gravel_puzzle_default_events"
[23:28:49] [GameLoader/INFO] (Puzzle | AssetLoader) Loading [33m"models/blocks/model_stone_gravel.json"[37m from Cosmic Reach
[23:28:49] [GameLoader/INFO] (BlockLoader) Transforming block state [34m"base:stone_gravel[default]"[0m with generator [34m"base:slabs_all"
[23:28:49] [GameLoader/INFO] (Puzzle | AssetLoader) Loading [33m"models/blocks/model_stone_gravel.json"[37m from Cosmic Reach
[23:28:49] [GameLoader/INFO] (Puzzle | AssetLoader) Loading [33m"models/blocks/model_stone_gravel.json"[37m from Cosmic Reach
[23:28:49] [GameLoader/INFO] (Puzzle | AssetLoader) Loading [33m"models/blocks/model_stone_gravel.json"[37m from Cosmic Reach
[23:28:49] [GameLoader/INFO] (BlockLoader) Transforming block state [34m"base:stone_gravel[default]"[0m with generator [34m"base:stairs_seamless_all"
[23:28:49] [GameLoader/INFO] (Puzzle | AssetLoader) Loading [33m"blocks/stone_limestone.json"[37m from Cosmic Reach
[23:28:49] [GameLoader/INFO] (BlockLoader) Registered event with ID [34m"base:stone_limestone_puzzle_default_events"
[23:28:49] [GameLoader/INFO] (Puzzle | AssetLoader) Loading [33m"models/blocks/model_stone_limestone.json"[37m from Cosmic Reach
[23:28:49] [GameLoader/INFO] (BlockLoader) Transforming block state [34m"base:stone_limestone[default]"[0m with generator [34m"base:slabs_all"
[23:28:49] [GameLoader/INFO] (Puzzle | AssetLoader) Loading [33m"models/blocks/model_stone_limestone.json"[37m from Cosmic Reach
[23:28:49] [GameLoader/INFO] (Puzzle | AssetLoader) Loading [33m"models/blocks/model_stone_limestone.json"[37m from Cosmic Reach
[23:28:49] [GameLoader/INFO] (Puzzle | AssetLoader) Loading [33m"models/blocks/model_stone_limestone.json"[37m from Cosmic Reach
[23:28:49] [GameLoader/INFO] (BlockLoader) Transforming block state [34m"base:stone_limestone[default]"[0m with generator [34m"base:stairs_seamless_all"
[23:28:49] [GameLoader/INFO] (Puzzle | AssetLoader) Loading [33m"blocks/text_display.json"[37m from Cosmic Reach
[23:28:49] [GameLoader/INFO] (BlockLoader) Registered event with ID [34m"base:text_display_puzzle_default_events"
[23:28:49] [GameLoader/INFO] (Puzzle | AssetLoader) Loading [33m"models/blocks/model_text_display_wall.json"[37m from Cosmic Reach
[23:28:49] [GameLoader/INFO] (Puzzle | AssetLoader) Loading [33m"models/blocks/model_text_display_wall.json"[37m from Cosmic Reach
[23:28:49] [GameLoader/INFO] (Puzzle | AssetLoader) Loading [33m"models/blocks/model_text_display_wall.json"[37m from Cosmic Reach
[23:28:49] [GameLoader/INFO] (Puzzle | AssetLoader) Loading [33m"models/blocks/model_text_display_wall.json"[37m from Cosmic Reach
[23:28:49] [GameLoader/INFO] (Puzzle | AssetLoader) Loading [33m"blocks/tree_log.json"[37m from Cosmic Reach
[23:28:49] [GameLoader/INFO] (BlockLoader) Registered event with ID [34m"base:tree_log_puzzle_default_events"
[23:28:49] [GameLoader/INFO] (Puzzle | AssetLoader) Loading [33m"models/blocks/model_tree_log.json"[37m from Cosmic Reach
[23:28:49] [GameLoader/INFO] (BlockLoader) Transforming block state [34m"base:tree_log[default]"[0m with generator [34m"base:slabs_all"
[23:28:49] [GameLoader/INFO] (Puzzle | AssetLoader) Loading [33m"models/blocks/model_tree_log.json"[37m from Cosmic Reach
[23:28:49] [GameLoader/INFO] (Puzzle | AssetLoader) Loading [33m"models/blocks/model_tree_log.json"[37m from Cosmic Reach
[23:28:49] [GameLoader/INFO] (Puzzle | AssetLoader) Loading [33m"models/blocks/model_tree_log.json"[37m from Cosmic Reach
[23:28:49] [GameLoader/INFO] (Puzzle | AssetLoader) Loading [33m"models/blocks/model_tree_log_bark.json"[37m from Cosmic Reach
[23:28:49] [GameLoader/INFO] (BlockLoader) Transforming block state [34m"base:tree_log[type=bark]"[0m with generator [34m"base:slabs_all"
[23:28:49] [GameLoader/INFO] (Puzzle | AssetLoader) Loading [33m"models/blocks/model_tree_log_bark.json"[37m from Cosmic Reach
[23:28:49] [GameLoader/INFO] (Puzzle | AssetLoader) Loading [33m"models/blocks/model_tree_log_bark.json"[37m from Cosmic Reach
[23:28:49] [GameLoader/INFO] (Puzzle | AssetLoader) Loading [33m"models/blocks/model_tree_log_bark.json"[37m from Cosmic Reach
[23:28:49] [GameLoader/INFO] (BlockLoader) Transforming block state [34m"base:tree_log[type=bark]"[0m with generator [34m"base:stairs_seamless_all"
[23:28:49] [GameLoader/INFO] (Puzzle | AssetLoader) Loading [33m"blocks/water.json"[37m from Cosmic Reach
[23:28:49] [GameLoader/INFO] (BlockLoader) Registered event with ID [34m"base:water_puzzle_default_events"
[23:28:49] [GameLoader/INFO] (Puzzle | AssetLoader) Loading [33m"models/blocks/model_water.json"[37m from Cosmic Reach
[23:28:49] [GameLoader/INFO] (Puzzle | AssetLoader) Loading [33m"blocks/wood_planks.json"[37m from Cosmic Reach
[23:28:49] [GameLoader/INFO] (BlockLoader) Registered event with ID [34m"base:wood_planks_puzzle_default_events"
[23:28:49] [GameLoader/INFO] (Puzzle | AssetLoader) Loading [33m"models/blocks/model_wood_planks.json"[37m from Cosmic Reach
[23:28:49] [GameLoader/INFO] (BlockLoader) Transforming block state [34m"base:wood_planks[default]"[0m with generator [34m"base:slabs_all"
[23:28:49] [GameLoader/INFO] (Puzzle | AssetLoader) Loading [33m"models/blocks/model_wood_planks.json"[37m from Cosmic Reach
[23:28:49] [GameLoader/INFO] (Puzzle | AssetLoader) Loading [33m"models/blocks/model_wood_planks.json"[37m from Cosmic Reach
[23:28:49] [GameLoader/INFO] (Puzzle | AssetLoader) Loading [33m"models/blocks/model_wood_planks.json"[37m from Cosmic Reach
[23:28:49] [GameLoader/INFO] (BlockLoader) Transforming block state [34m"base:wood_planks[default]"[0m with generator [34m"base:stairs_seamless_all"
[23:28:49] [GameLoader/INFO] (BlockLoader) Registering Block Model finalizers
[23:28:49] [GameLoader/INFO] (BlockLoader) Registering Block finalizers
[23:28:49] [GameLoader/DEBUG] (LaunchWrapper) Mixing loot.LootTableMixin from mixins/common/internal.common.mixins.json into finalforeach.cosmicreach.items.loot.Loot
[23:28:49] [GameLoader/DEBUG] (LaunchWrapper) mixins/common/internal.common.mixins.json:loot.LootTableMixin from mod (unknown)->@Inject::loadLootTables(Lorg/spongepowered/asm/mixin/injection/callback/CallbackInfo;)V doesn't use it's CallbackInfo
[23:28:49] [main/INFO] (Puzzle | AssetLoader) Loading [33m"items/shovel_iron.json"[37m from Cosmic Reach
[23:28:49] [main/INFO] (Puzzle | AssetLoader) Loading [33m"items/ingot_iron.json"[37m from Cosmic Reach
[23:28:49] [main/INFO] (Puzzle | AssetLoader) Loading [33m"items/fluid_vacuum.json"[37m from Cosmic Reach
[23:28:49] [main/INFO] (Puzzle | AssetLoader) Loading [33m"items/pickaxe_aluminium.json"[37m from Cosmic Reach
[23:28:49] [main/INFO] (Puzzle | AssetLoader) Loading [33m"items/axe_aluminium.json"[37m from Cosmic Reach
[23:28:49] [main/INFO] (Puzzle | AssetLoader) Loading [33m"items/medkit_gold.json"[37m from Cosmic Reach
[23:28:49] [main/INFO] (Puzzle | AssetLoader) Loading [33m"items/shovel_aluminium.json"[37m from Cosmic Reach
[23:28:49] [main/INFO] (Puzzle | AssetLoader) Loading [33m"items/ingot_gold.json"[37m from Cosmic Reach
[23:28:49] [main/INFO] (Puzzle | AssetLoader) Loading [33m"items/stick.json"[37m from Cosmic Reach
[23:28:49] [main/INFO] (Puzzle | AssetLoader) Loading [33m"items/pickaxe_stone.json"[37m from Cosmic Reach
[23:28:49] [main/INFO] (Puzzle | AssetLoader) Loading [33m"items/shovel_stone.json"[37m from Cosmic Reach
[23:28:49] [main/INFO] (Puzzle | AssetLoader) Loading [33m"items/ingot_aluminium.json"[37m from Cosmic Reach
[23:28:49] [main/INFO] (Puzzle | AssetLoader) Loading [33m"items/medkit.json"[37m from Cosmic Reach
[23:28:49] [main/INFO] (Puzzle | AssetLoader) Loading [33m"items/axe_iron.json"[37m from Cosmic Reach
[23:28:49] [main/INFO] (Puzzle | AssetLoader) Loading [33m"items/pickaxe_iron.json"[37m from Cosmic Reach
[23:28:49] [main/INFO] (Puzzle | AssetLoader) Loading [33m"items/axe_stone.json"[37m from Cosmic Reach
[23:28:49] [main/INFO] (Puzzle | AssetLoader) Loading [33m"loot/leaves_poplar.json"[37m from Cosmic Reach
[23:28:49] [main/INFO] (Puzzle | AssetLoader) Loading [33m"loot/interceptor_trap.json"[37m from Cosmic Reach
[23:28:49] [main/INFO] (Puzzle | AssetLoader) Loading [33m"loot/interceptor.json"[37m from Cosmic Reach
[23:28:49] [main/INFO] (Puzzle | AssetLoader) Loading [33m"recipes/crafting/crate.json"[37m from Cosmic Reach
[23:28:49] [main/DEBUG] (LaunchWrapper) Mixing items.ItemStackMixin from mixins/common/internal.common.mixins.json into finalforeach.cosmicreach.items.ItemStack
[23:28:49] [main/DEBUG] (LaunchWrapper) mixins/common/internal.common.mixins.json:items.ItemStackMixin from mod (unknown)->@Inject::read(Lfinalforeach/cosmicreach/savelib/crbin/CRBinDeserializer;Lorg/spongepowered/asm/mixin/injection/callback/CallbackInfo;)V doesn't use it's CallbackInfo
[23:28:49] [main/DEBUG] (LaunchWrapper) mixins/common/internal.common.mixins.json:items.ItemStackMixin from mod (unknown)->@Inject::read(Lfinalforeach/cosmicreach/savelib/crbin/CRBinDeserializer;Lorg/spongepowered/asm/mixin/injection/callback/CallbackInfo;)V has 0 override(s) in child classes
[23:28:49] [main/DEBUG] (LaunchWrapper) mixins/common/internal.common.mixins.json:items.ItemStackMixin from mod (unknown)->@Inject::read(Lfinalforeach/cosmicreach/savelib/crbin/CRBinDeserializer;Lorg/spongepowered/asm/mixin/injection/callback/CallbackInfo;)V won't be passed a CallbackInfo as a result
[23:28:49] [main/DEBUG] (LaunchWrapper) mixins/common/internal.common.mixins.json:items.ItemStackMixin from mod (unknown)->@Inject::write(Lfinalforeach/cosmicreach/savelib/crbin/CRBinSerializer;Lorg/spongepowered/asm/mixin/injection/callback/CallbackInfo;)V doesn't use it's CallbackInfo
[23:28:49] [main/DEBUG] (LaunchWrapper) mixins/common/internal.common.mixins.json:items.ItemStackMixin from mod (unknown)->@Inject::write(Lfinalforeach/cosmicreach/savelib/crbin/CRBinSerializer;Lorg/spongepowered/asm/mixin/injection/callback/CallbackInfo;)V has 0 override(s) in child classes
[23:28:49] [main/DEBUG] (LaunchWrapper) mixins/common/internal.common.mixins.json:items.ItemStackMixin from mod (unknown)->@Inject::write(Lfinalforeach/cosmicreach/savelib/crbin/CRBinSerializer;Lorg/spongepowered/asm/mixin/injection/callback/CallbackInfo;)V won't be passed a CallbackInfo as a result
[23:28:49] [main/DEBUG] (LaunchWrapper) mixins/common/internal.common.mixins.json:items.ItemStackMixin from mod (unknown)->@Inject::canDamage(ILorg/spongepowered/asm/mixin/injection/callback/CallbackInfo;)V does use it's CallbackInfo
[23:28:49] [main/INFO] (Puzzle | AssetLoader) Loading [33m"recipes/crafting/shovel_aluminium.json"[37m from Cosmic Reach
[23:28:49] [main/INFO] (Puzzle | AssetLoader) Loading [33m"recipes/crafting/text_display.json"[37m from Cosmic Reach
[23:28:49] [main/INFO] (Puzzle | AssetLoader) Loading [33m"recipes/crafting/axe_stone.json"[37m from Cosmic Reach
[23:28:49] [main/INFO] (Puzzle | AssetLoader) Loading [33m"recipes/crafting/stick.json"[37m from Cosmic Reach
[23:28:49] [main/INFO] (Puzzle | AssetLoader) Loading [33m"recipes/crafting/medkit_gold.json"[37m from Cosmic Reach
[23:28:49] [main/INFO] (Puzzle | AssetLoader) Loading [33m"recipes/crafting/axe_aluminium.json"[37m from Cosmic Reach
[23:28:49] [main/INFO] (Puzzle | AssetLoader) Loading [33m"recipes/crafting/pickaxe_aluminium.json"[37m from Cosmic Reach
[23:28:49] [main/INFO] (Puzzle | AssetLoader) Loading [33m"recipes/crafting/axe_iron.json"[37m from Cosmic Reach
[23:28:49] [main/INFO] (Puzzle | AssetLoader) Loading [33m"recipes/crafting/fluid_vacuum.json"[37m from Cosmic Reach
[23:28:49] [main/INFO] (Puzzle | AssetLoader) Loading [33m"recipes/crafting/metal_panel.json"[37m from Cosmic Reach
[23:28:49] [main/INFO] (Puzzle | AssetLoader) Loading [33m"recipes/crafting/shovel_iron.json"[37m from Cosmic Reach
[23:28:49] [main/INFO] (Puzzle | AssetLoader) Loading [33m"recipes/crafting/boombox.json"[37m from Cosmic Reach
[23:28:49] [main/INFO] (Puzzle | AssetLoader) Loading [33m"recipes/crafting/pickaxe_stone.json"[37m from Cosmic Reach
[23:28:49] [main/INFO] (Puzzle | AssetLoader) Loading [33m"recipes/crafting/lunar_soil_packed.json"[37m from Cosmic Reach
[23:28:49] [main/INFO] (Puzzle | AssetLoader) Loading [33m"recipes/crafting/aluminium_panel.json"[37m from Cosmic Reach
[23:28:49] [main/INFO] (Puzzle | AssetLoader) Loading [33m"recipes/crafting/wood_planks.json"[37m from Cosmic Reach
[23:28:49] [main/INFO] (Puzzle | AssetLoader) Loading [33m"recipes/crafting/pickaxe_iron.json"[37m from Cosmic Reach
[23:28:49] [main/INFO] (Puzzle | AssetLoader) Loading [33m"recipes/crafting/furnace.json"[37m from Cosmic Reach
[23:28:49] [main/INFO] (Puzzle | AssetLoader) Loading [33m"recipes/crafting/shovel_stone.json"[37m from Cosmic Reach
[23:28:49] [main/DEBUG] (LaunchWrapper) Mixing blockentities.BlockEntityItemContainerMixin from mixins/common/internal.common.mixins.json into finalforeach.cosmicreach.blockentities.BlockEntityItemContainer
[23:28:49] [main/DEBUG] (LaunchWrapper) Mixing blockentities.BlockEntityFurnaceMixin from mixins/common/internal.common.mixins.json into finalforeach.cosmicreach.blockentities.BlockEntityFurnace
[23:28:49] [main/DEBUG] (LaunchWrapper) Mixing ChunkLoaderMixin from saturn_cart.mixins.json into finalforeach.cosmicreach.io.ChunkLoader
[23:28:49] [main/DEBUG] (LaunchWrapper) saturn_cart.mixins.json:ChunkLoaderMixin from mod (unknown)->@Inject::loadWorld(Ljava/lang/String;Lorg/spongepowered/asm/mixin/injection/callback/CallbackInfoReturnable;)V doesn't use it's CallbackInfoReturnable
[23:28:49] [main/INFO] (saturn_cart) adding track: test
[23:28:49] [main/DEBUG] (LaunchWrapper) Mixing ZoneLoadersLoggingMixin from mixins/common/logging.common.mixins.json into finalforeach.cosmicreach.ZoneLoaders
[23:28:50] [main/DEBUG] (LaunchWrapper) Mixing zones.ZoneGeneratorMixin from mixins/common/internal.common.mixins.json into finalforeach.cosmicreach.worldgen.ZoneGenerator
[23:28:50] [main/DEBUG] (LaunchWrapper) mixins/common/internal.common.mixins.json:zones.ZoneGeneratorMixin from mod (unknown)->@Inject::registerZoneGenerators(Lorg/spongepowered/asm/mixin/injection/callback/CallbackInfo;)V doesn't use it's CallbackInfo
[23:28:50] [main/DEBUG] (LaunchWrapper) Mixing Point3DMapRewrite from mixins/common/fixes.common.mixins.json into finalforeach.cosmicreach.util.Point3DMap
[23:28:50] [main/DEBUG] (LaunchWrapper) Renaming synthetic method lambda$forEach$0(Lfinalforeach/cosmicreach/util/Point3DConsumer;Lcom/github/puzzle/game/util/Point3DKey;)V to mdc2d350$lambda$forEach$0$0 in mixins/common/fixes.common.mixins.json:Point3DMapRewrite from mod (unknown)
[23:28:50] [main/DEBUG] (LaunchWrapper) Mixing PlayerMixin from saturn_cart.mixins.json into finalforeach.cosmicreach.entities.player.Player
[23:28:50] [main/INFO] (CosmicReach | Zone) Added zone loader "ServerZoneLoader" for zone "base:flat"
[23:28:50] [WorldLoaderThread/DEBUG] (LaunchWrapper) Mixing ChunkSaverLoggingMixin from mixins/common/logging.common.mixins.json into finalforeach.cosmicreach.io.ChunkSaver
[23:28:50] [WorldLoaderThread/INFO] (CosmicReach | ChunkSaver) Started saving world
[23:28:50] [WorldLoaderThread/INFO] (CosmicReach | Zone) Saved Zone with ID "base:flat"
[23:28:50] [WorldLoaderThread/DEBUG] (LaunchWrapper) Mixing PlayerSaverLoggingMixin from mixins/common/logging.common.mixins.json into finalforeach.cosmicreach.io.PlayerSaver
[23:28:50] [WorldLoaderThread/INFO] (CosmicReach | ChunkSaver) Finished saving
[23:28:50] [WorldLoaderThread/INFO] (CosmicReach | ChunkSaver) Started saving world
[23:28:50] [WorldLoaderThread/INFO] (CosmicReach | Zone) Saved Zone with ID "base:flat"
[23:28:50] [main/DEBUG] (io.netty.channel.MultithreadEventLoopGroup) -Dio.netty.eventLoopThreads: 24
[23:28:50] [WorldLoaderThread/INFO] (CosmicReach | ChunkSaver) Finished saving
[23:28:50] [main/DEBUG] (io.netty.channel.nio.NioEventLoop) -Dio.netty.noKeySetOptimization: false
[23:28:50] [main/DEBUG] (io.netty.channel.nio.NioEventLoop) -Dio.netty.selectorAutoRebuildThreshold: 512
[23:28:50] [main/DEBUG] (io.netty.util.internal.PlatformDependent) org.jctools-core.MpscChunkedArrayQueue: available
[23:28:50] [main/DEBUG] (io.netty.channel.DefaultChannelId) -Dio.netty.processId: 8496 (auto-detected)
[23:28:50] [main/DEBUG] (io.netty.util.NetUtil) -Djava.net.preferIPv4Stack: false
[23:28:50] [main/DEBUG] (io.netty.util.NetUtil) -Djava.net.preferIPv6Addresses: false
[23:28:50] [main/DEBUG] (io.netty.util.NetUtil) Loopback interface: lo (Software Loopback Interface 1, 127.0.0.1)
[23:28:50] [main/DEBUG] (io.netty.util.NetUtil) Failed to get SOMAXCONN from sysctl and file \proc\sys\net\core\somaxconn. Default: 200
[23:28:50] [main/DEBUG] (io.netty.channel.DefaultChannelId) -Dio.netty.machineId: 4c:03:4f:ff:fe:e3:0a:d5 (auto-detected)
[23:28:50] [main/DEBUG] (io.netty.util.internal.InternalThreadLocalMap) -Dio.netty.threadLocalMap.stringBuilder.initialSize: 1024
[23:28:50] [main/DEBUG] (io.netty.util.internal.InternalThreadLocalMap) -Dio.netty.threadLocalMap.stringBuilder.maxSize: 4096
[23:28:50] [main/DEBUG] (io.netty.util.ResourceLeakDetector) -Dio.netty.leakDetection.level: simple
[23:28:50] [main/DEBUG] (io.netty.util.ResourceLeakDetector) -Dio.netty.leakDetection.targetRecords: 4
[23:28:50] [main/DEBUG] (io.netty.buffer.PooledByteBufAllocator) -Dio.netty.allocator.numHeapArenas: 24
[23:28:50] [main/DEBUG] (io.netty.buffer.PooledByteBufAllocator) -Dio.netty.allocator.numDirectArenas: 24
[23:28:50] [main/DEBUG] (io.netty.buffer.PooledByteBufAllocator) -Dio.netty.allocator.pageSize: 8192
[23:28:50] [main/DEBUG] (io.netty.buffer.PooledByteBufAllocator) -Dio.netty.allocator.maxOrder: 11
[23:28:50] [main/DEBUG] (io.netty.buffer.PooledByteBufAllocator) -Dio.netty.allocator.chunkSize: 16777216
[23:28:50] [main/DEBUG] (io.netty.buffer.PooledByteBufAllocator) -Dio.netty.allocator.tinyCacheSize: 512
[23:28:50] [main/DEBUG] (io.netty.buffer.PooledByteBufAllocator) -Dio.netty.allocator.smallCacheSize: 256
[23:28:50] [main/DEBUG] (io.netty.buffer.PooledByteBufAllocator) -Dio.netty.allocator.normalCacheSize: 64
[23:28:50] [main/DEBUG] (io.netty.buffer.PooledByteBufAllocator) -Dio.netty.allocator.maxCachedBufferCapacity: 32768
[23:28:50] [main/DEBUG] (io.netty.buffer.PooledByteBufAllocator) -Dio.netty.allocator.cacheTrimInterval: 8192
[23:28:50] [main/DEBUG] (io.netty.buffer.PooledByteBufAllocator) -Dio.netty.allocator.useCacheForAllThreads: true
[23:28:50] [main/DEBUG] (io.netty.buffer.ByteBufUtil) -Dio.netty.allocator.type: pooled
[23:28:50] [main/DEBUG] (io.netty.buffer.ByteBufUtil) -Dio.netty.threadLocalDirectBufferSize: 0
[23:28:50] [main/DEBUG] (io.netty.buffer.ByteBufUtil) -Dio.netty.maxThreadLocalCharBufferSize: 16384
