[23:28:48] [main/INFO] (LaunchWrapper) SpongePowered MIXIN Subsystem Version=0.8.7 Source=file:/C:/Users/Tristan/.gradle/caches/modules-2/files-2.1/com.github.PuzzleLoader/PuzzleLoader/2.2.2/2a5616c3eed4c65ff69216f0707a1c02d9fdc856/PuzzleLoader-2.2.2-client.jar Service=LaunchWrapper Env=SERVER
[23:28:48] [main/INFO] (Puzzle | ModLocator) Discovered SaturnCartMod "DevMod" with ID "saturn_cart"
[23:28:48] [main/WARN] (Puzzle | ModLocator) Warning! Only partial semantic versioning support
[23:28:48] [main/INFO] (Puzzle | ModLocator) Mod deps for puzzle-loader
[23:28:48] [main/INFO] (Puzzle | ModLocator) 	cosmic-reach: (0.3.14,true)
[23:28:48] [main/INFO] (Puzzle | ModLocator) Mod deps for saturn_cart
[23:28:48] [main/INFO] (Puzzle | ModLocator) 	puzzle-loader: (>=2.0.13,true)
[23:28:48] [main/INFO] (Puzzle | ModLocator) 	cosmic-reach: (>=0.3.11,true)
[23:28:48] [main/INFO] (LaunchWrapper) Initializing MixinExtras via com.llamalad7.mixinextras.service.MixinExtrasServiceImpl(version=0.4.1).
[23:28:48] [main/INFO] (Puzzle | Loader) Launching Cosmic Reach version 0.3.14
[23:28:48] [main/INFO] (saturn_cart) Hello From PRE-INIT
[23:28:49] [GameLoader/INFO] (Puzzle | AssetLoader) Loading [33m"block_events/block_events_c4.json"[37m from Cosmic Reach
[23:28:49] [GameLoader/INFO] (Puzzle | AssetLoader) Loading [33m"block_events/block_events_light_on.json"[37m from Cosmic Reach
[23:28:49] [GameLoader/INFO] (Puzzle | AssetLoader) Loading [33m"block_events/examples/block_events_set_sphere_example.json"[37m from Cosmic Reach
[23:28:49] [GameLoader/INFO] (Puzzle | AssetLoader) Loading [33m"block_events/block_events_growth.json"[37m from Cosmic Reach
[23:28:49] [GameLoader/INFO] (Puzzle | AssetLoader) Loading [33m"block_events/block_events_light_off.json"[37m from Cosmic Reach
[23:28:49] [GameLoader/INFO] (Puzzle | AssetLoader) Loading [33m"block_events/block_events_leaf_poplar.json"[37m from Cosmic Reach
[23:28:49] [GameLoader/INFO] (Puzzle | AssetLoader) Loading [33m"block_events/block_events_coconut.json"[37m from Cosmic Reach
[23:28:49] [GameLoader/INFO] (Puzzle | AssetLoader) Loading [33m"block_events/block_events_leaf_decay_poplar.json"[37m from Cosmic Reach
[23:28:49] [GameLoader/INFO] (Puzzle | AssetLoader) Loading [33m"block_events/examples/block_events_set_spherical_segment_example.json"[37m from Cosmic Reach
[23:28:49] [GameLoader/INFO] (Puzzle | AssetLoader) Loading [33m"block_events/block_events_sapling_poplar.json"[37m from Cosmic Reach
[23:28:49] [GameLoader/INFO] (Puzzle | AssetLoader) Loading [33m"block_events/block_events_coconut_decay.json"[37m from Cosmic Reach
[23:28:49] [GameLoader/INFO] (Puzzle | AssetLoader) Loading [33m"block_events/block_events_ice.json"[37m from Cosmic Reach
[23:28:49] [GameLoader/INFO] (Puzzle | AssetLoader) Loading [33m"block_events/block_events_glass.json"[37m from Cosmic Reach
[23:28:49] [GameLoader/INFO] (Puzzle | AssetLoader) Loading [33m"block_events/examples/block_events_set_cuboid_example.json"[37m from Cosmic Reach
[23:28:49] [GameLoader/INFO] (Puzzle | AssetLoader) Loading [33m"block_events/block_events_leaf_decay.json"[37m from Cosmic Reach
[23:28:49] [GameLoader/INFO] (Puzzle | AssetLoader) Loading [33m"block_events/block_events_air.json"[37m from Cosmic Reach
[23:28:49] [GameLoader/INFO] (Puzzle | AssetLoader) Loading [33m"block_events/block_events_default.json"[37m from Cosmic Reach
[23:28:49] [GameLoader/INFO] (Puzzle | AssetLoader) Loading [33m"block_events/block_events_wood.json"[37m from Cosmic Reach
[23:28:49] [GameLoader/INFO] (Puzzle | AssetLoader) Loading [33m"block_events/block_events_boombox.json"[37m from Cosmic Reach
[23:28:49] [GameLoader/INFO] (Puzzle | AssetLoader) Loading [33m"block_events/block_events_air.json"[37m from Cosmic Reach
[23:28:49] [GameLoader/INFO] (Puzzle | AssetLoader) Loading [33m"block_events/block_events_boombox.json"[37m from Cosmic Reach
[23:28:49] [GameLoader/INFO] (Puzzle | AssetLoader) Loading [33m"block_events/block_events_c4.json"[37m from Cosmic Reach
[23:28:49] [GameLoader/INFO] (Puzzle | AssetLoader) Loading [33m"block_events/block_events_coconut.json"[37m from Cosmic Reach
[23:28:49] [GameLoader/INFO] (Puzzle | AssetLoader) Loading [33m"block_events/block_events_coconut_decay.json"[37m from Cosmic Reach
[23:28:49] [GameLoader/INFO] (Puzzle | AssetLoader) Loading [33m"block_events/block_events_default.json"[37m from Cosmic Reach
[23:28:49] [GameLoader/INFO] (Puzzle | AssetLoader) Loading [33m"block_events/block_events_glass.json"[37m from Cosmic Reach
[23:28:49] [GameLoader/INFO] (Puzzle | AssetLoader) Loading [33m"block_events/block_events_growth.json"[37m from Cosmic Reach
[23:28:49] [GameLoader/INFO] (Puzzle | AssetLoader) Loading [33m"block_events/block_events_ice.json"[37m from Cosmic Reach
[23:28:49] [GameLoader/INFO] (Puzzle | AssetLoader) Loading [33m"block_events/block_events_leaf_decay.json"[37m from Cosmic Reach
[23:28:49] [GameLoader/INFO] (Puzzle | AssetLoader) Loading [33m"block_events/block_events_leaf_decay_poplar.json"[37m from Cosmic Reach
[23:28:49] [GameLoader/INFO] (Puzzle | AssetLoader) Loading [33m"block_events/block_events_leaf_poplar.json"[37m from Cosmic Reach
[23:28:49] [GameLoader/INFO] (Puzzle | AssetLoader) Loading [33m"block_events/block_events_light_off.json"[37m from Cosmic Reach
[23:28:49] [GameLoader/INFO] (Puzzle | AssetLoader) Loading [33m"block_events/block_events_light_on.json"[37m from Cosmic Reach
[23:28:49] [GameLoader/INFO] (Puzzle | AssetLoader) Loading [33m"block_events/block_events_sapling_poplar.json"[37m from Cosmic Reach
[23:28:49] [GameLoader/INFO] (Puzzle | AssetLoader) Loading [33m"block_events/block_events_wood.json"[37m from Cosmic Reach
[23:28:49] [GameLoader/INFO] (Puzzle | AssetLoader) Loading [33m"block_events/examples/block_events_set_cuboid_example.json"[37m from Cosmic Reach
[23:28:49] [GameLoader/INFO] (Puzzle | AssetLoader) Loading [33m"block_events/examples/block_events_set_sphere_example.json"[37m from Cosmic Reach
[23:28:49] [GameLoader/INFO] (Puzzle | AssetLoader) Loading [33m"block_events/examples/block_events_set_spherical_segment_example.json"[37m from Cosmic Reach
[23:28:49] [GameLoader/INFO] (Puzzle | AssetLoader) Loading [33m"blocks/air.json"[37m from Cosmic Reach
[23:28:49] [GameLoader/INFO] (BlockLoader) Registered event with ID [34m"base:air_puzzle_default_events"
[23:28:49] [GameLoader/INFO] (Puzzle | AssetLoader) Loading [33m"models/blocks/empty.json"[37m from Cosmic Reach
[23:28:49] [GameLoader/INFO] (Puzzle | AssetLoader) Loading [33m"blocks/aluminium_panel.json"[37m from Cosmic Reach
[23:28:49] [GameLoader/INFO] (BlockLoader) Registered event with ID [34m"base:aluminium_panel_puzzle_default_events"
[23:28:49] [GameLoader/INFO] (Puzzle | AssetLoader) Loading [33m"models/blocks/model_aluminium_panel.json"[37m from Cosmic Reach
[23:28:49] [GameLoader/INFO] (Puzzle | AssetLoader) Loading [33m"models/blocks/cube.json"[37m from Cosmic Reach
[23:28:49] [GameLoader/INFO] (Puzzle | AssetLoader) Loading [33m"block_state_generators/rotated.json"[37m from Cosmic Reach
[23:28:49] [GameLoader/INFO] (Puzzle | AssetLoader) Loading [33m"block_state_generators/all_stairs_seamless.json"[37m from Cosmic Reach
[23:28:49] [GameLoader/INFO] (Puzzle | AssetLoader) Loading [33m"block_state_generators/all_slabs.json"[37m from Cosmic Reach
[23:28:49] [GameLoader/INFO] (Puzzle | AssetLoader) Loading [33m"block_state_generators/all_stairs_seamed.json"[37m from Cosmic Reach
[23:28:49] [GameLoader/INFO] (BlockLoader) Transforming block state [34m"base:aluminium_panel[default]"[0m with generator [34m"base:slabs_all"
[23:28:49] [GameLoader/INFO] (Puzzle | AssetLoader) Loading [33m"models/blocks/slab_bottom.json"[37m from Cosmic Reach
[23:28:49] [GameLoader/INFO] (Puzzle | AssetLoader) Loading [33m"models/blocks/slab_top.json"[37m from Cosmic Reach
[23:28:49] [GameLoader/INFO] (Puzzle | AssetLoader) Loading [33m"models/blocks/slab_vertical.json"[37m from Cosmic Reach
[23:28:49] [GameLoader/INFO] (Puzzle | AssetLoader) Loading [33m"models/blocks/model_aluminium_panel.json"[37m from Cosmic Reach
[23:28:49] [GameLoader/INFO] (Puzzle | AssetLoader) Loading [33m"models/blocks/cube.json"[37m from Cosmic Reach
[23:28:49] [GameLoader/INFO] (Puzzle | AssetLoader) Loading [33m"models/blocks/slab_vertical.json"[37m from Cosmic Reach
[23:28:49] [GameLoader/INFO] (Puzzle | AssetLoader) Loading [33m"models/blocks/model_aluminium_panel.json"[37m from Cosmic Reach
[23:28:49] [GameLoader/INFO] (Puzzle | AssetLoader) Loading [33m"models/blocks/cube.json"[37m from Cosmic Reach
[23:28:49] [GameLoader/INFO] (Puzzle | AssetLoader) Loading [33m"models/blocks/slab_vertical.json"[37m from Cosmic Reach
[23:28:49] [GameLoader/INFO] (Puzzle | AssetLoader) Loading [33m"models/blocks/model_aluminium_panel.json"[37m from Cosmic Reach
[23:28:49] [GameLoader/INFO] (Puzzle | AssetLoader) Loading [33m"models/blocks/cube.json"[37m from Cosmic Reach
[23:28:49] [GameLoader/INFO] (Puzzle | AssetLoader) Loading [33m"models/blocks/slab_vertical.json"[37m from Cosmic Reach
[23:28:49] [GameLoader/INFO] (BlockLoader) Transforming block state [34m"base:aluminium_panel[default]"[0m with generator [34m"base:stairs_seamed_all"
[23:28:49] [GameLoader/INFO] (Puzzle | AssetLoader) Loading [33m"models/blocks/stairs_seamed_bottom.json"[37m from Cosmic Reach
[23:28:49] [GameLoader/INFO] (Puzzle | AssetLoader) Loading [33m"models/blocks/stairs_seamed_bottom.json"[37m from Cosmic Reach
[23:28:49] [GameLoader/INFO] (Puzzle | AssetLoader) Loading [33m"models/blocks/stairs_seamed_bottom.json"[37m from Cosmic Reach
[23:28:49] [GameLoader/INFO] (Puzzle | AssetLoader) Loading [33m"models/blocks/stairs_seamed_bottom.json"[37m from Cosmic Reach
[23:28:49] [GameLoader/INFO] (Puzzle | AssetLoader) Loading [33m"blocks/asphalt.json"[37m from Cosmic Reach
[23:28:49] [GameLoader/INFO] (BlockLoader) Registered event with ID [34m"base:asphalt_puzzle_default_events"
[23:28:49] [GameLoader/INFO] (Puzzle | AssetLoader) Loading [33m"models/blocks/model_asphalt.json"[37m from Cosmic Reach
[23:28:49] [GameLoader/INFO] (BlockLoader) Transforming block state [34m"base:asphalt[default]"[0m with generator [34m"base:slabs_all"
[23:28:49] [GameLoader/INFO] (Puzzle | AssetLoader) Loading [33m"models/blocks/model_asphalt.json"[37m from Cosmic Reach
[23:28:49] [GameLoader/INFO] (Puzzle | AssetLoader) Loading [33m"models/blocks/model_asphalt.json"[37m from Cosmic Reach
[23:28:49] [GameLoader/INFO] (Puzzle | AssetLoader) Loading [33m"models/blocks/model_asphalt.json"[37m from Cosmic Reach
[23:28:49] [GameLoader/INFO] (BlockLoader) Transforming block state [34m"base:asphalt[default]"[0m with generator [34m"base:stairs_seamless_all"
[23:28:49] [GameLoader/INFO] (Puzzle | AssetLoader) Loading [33m"models/blocks/stairs_seamless_bottom.json"[37m from Cosmic Reach
[23:28:49] [GameLoader/INFO] (Puzzle | AssetLoader) Loading [33m"models/blocks/stairs_seamless_bottom.json"[37m from Cosmic Reach
[23:28:49] [GameLoader/INFO] (Puzzle | AssetLoader) Loading [33m"models/blocks/stairs_seamless_bottom.json"[37m from Cosmic Reach
[23:28:49] [GameLoader/INFO] (Puzzle | AssetLoader) Loading [33m"models/blocks/stairs_seamless_bottom.json"[37m from Cosmic Reach
[23:28:49] [GameLoader/INFO] (Puzzle | AssetLoader) Loading [33m"blocks/boombox.json"[37m from Cosmic Reach
[23:28:49] [GameLoader/INFO] (BlockLoader) Registered event with ID [34m"base:boombox_puzzle_default_events"
[23:28:49] [GameLoader/INFO] (Puzzle | AssetLoader) Loading [33m"models/blocks/model_boombox.json"[37m from Cosmic Reach
[23:28:49] [GameLoader/INFO] (Puzzle | AssetLoader) Loading [33m"blocks/bricks.json"[37m from Cosmic Reach
[23:28:49] [GameLoader/INFO] (BlockLoader) Registered event with ID [34m"base:bricks_puzzle_default_events"
[23:28:49] [GameLoader/INFO] (Puzzle | AssetLoader) Loading [33m"models/blocks/model_bricks.json"[37m from Cosmic Reach
[23:28:49] [GameLoader/INFO] (BlockLoader) Transforming block state [34m"base:bricks[default]"[0m with generator [34m"base:slabs_all"
[23:28:49] [GameLoader/INFO] (Puzzle | AssetLoader) Loading [33m"models/blocks/model_bricks.json"[37m from Cosmic Reach
[23:28:49] [GameLoader/INFO] (Puzzle | AssetLoader) Loading [33m"models/blocks/model_bricks.json"[37m from Cosmic Reach
[23:28:49] [GameLoader/INFO] (Puzzle | AssetLoader) Loading [33m"models/blocks/model_bricks.json"[37m from Cosmic Reach
[23:28:49] [GameLoader/INFO] (BlockLoader) Transforming block state [34m"base:bricks[default]"[0m with generator [34m"base:stairs_seamless_all"
[23:28:49] [GameLoader/INFO] (Puzzle | AssetLoader) Loading [33m"blocks/c4.json"[37m from Cosmic Reach
[23:28:49] [GameLoader/INFO] (BlockLoader) Registered event with ID [34m"base:c4_puzzle_default_events"
[23:28:49] [GameLoader/INFO] (Puzzle | AssetLoader) Loading [33m"models/blocks/model_c4.json"[37m from Cosmic Reach
[23:28:49] [GameLoader/INFO] (Puzzle | AssetLoader) Loading [33m"blocks/cheese.json"[37m from Cosmic Reach
[23:28:49] [GameLoader/INFO] (BlockLoader) Registered event with ID [34m"base:cheese_puzzle_default_events"
[23:28:49] [GameLoader/INFO] (Puzzle | AssetLoader) Loading [33m"models/blocks/model_cheese.json"[37m from Cosmic Reach
[23:28:49] [GameLoader/INFO] (BlockLoader) Transforming block state [34m"base:cheese[default]"[0m with generator [34m"base:slabs_all"
[23:28:49] [GameLoader/INFO] (Puzzle | AssetLoader) Loading [33m"models/blocks/model_cheese.json"[37m from Cosmic Reach
[23:28:49] [GameLoader/INFO] (Puzzle | AssetLoader) Loading [33m"models/blocks/model_cheese.json"[37m from Cosmic Reach
[23:28:49] [GameLoader/INFO] (Puzzle | AssetLoader) Loading [33m"models/blocks/model_cheese.json"[37m from Cosmic Reach
[23:28:49] [GameLoader/INFO] (BlockLoader) Transforming block state [34m"base:cheese[default]"[0m with generator [34m"base:stairs_seamless_all"
[23:28:49] [GameLoader/INFO] (Puzzle | AssetLoader) Loading [33m"blocks/coconut.json"[37m from Cosmic Reach
[23:28:49] [GameLoader/INFO] (BlockLoader) Registered event with ID [34m"base:coconut_puzzle_default_events"
[23:28:49] [GameLoader/INFO] (Puzzle | AssetLoader) Loading [33m"models/blocks/model_coconut.json"[37m from Cosmic Reach
[23:28:49] [GameLoader/INFO] (Puzzle | AssetLoader) Loading [33m"blocks/crate_wooden.json"[37m from Cosmic Reach
[23:28:49] [GameLoader/INFO] (BlockLoader) Registered event with ID [34m"base:crate_wooden_puzzle_default_events"
[23:28:49] [GameLoader/INFO] (Puzzle | AssetLoader) Loading [33m"models/blocks/model_crate_wooden.json"[37m from Cosmic Reach
[23:28:49] [GameLoader/INFO] (Puzzle | AssetLoader) Loading [33m"blocks/debug.json"[37m from Cosmic Reach
[23:28:49] [GameLoader/INFO] (BlockLoader) Registered event with ID [34m"base:debug_puzzle_default_events"
[23:28:49] [GameLoader/INFO] (Puzzle | AssetLoader) Loading [33m"models/blocks/model_debug.json"[37m from Cosmic Reach
[23:28:49] [GameLoader/INFO] (BlockLoader) Transforming block state [34m"base:debug[default]"[0m with generator [34m"base:slabs_all"
[23:28:49] [GameLoader/INFO] (Puzzle | AssetLoader) Loading [33m"models/blocks/model_debug.json"[37m from Cosmic Reach
[23:28:49] [GameLoader/INFO] (Puzzle | AssetLoader) Loading [33m"models/blocks/model_debug.json"[37m from Cosmic Reach
[23:28:49] [GameLoader/INFO] (Puzzle | AssetLoader) Loading [33m"models/blocks/model_debug.json"[37m from Cosmic Reach
[23:28:49] [GameLoader/INFO] (BlockLoader) Transforming block state [34m"base:debug[default]"[0m with generator [34m"base:stairs_seamless_all"
[23:28:49] [GameLoader/INFO] (Puzzle | AssetLoader) Loading [33m"blocks/dirt.json"[37m from Cosmic Reach
[23:28:49] [GameLoader/INFO] (BlockLoader) Registered event with ID [34m"base:dirt_puzzle_default_events"
[23:28:49] [GameLoader/INFO] (Puzzle | AssetLoader) Loading [33m"models/blocks/model_dirt.json"[37m from Cosmic Reach
[23:28:49] [GameLoader/INFO] (BlockLoader) Transforming block state [34m"base:dirt[default]"[0m with generator [34m"base:slabs_all"
[23:28:49] [GameLoader/INFO] (Puzzle | AssetLoader) Loading [33m"models/blocks/model_dirt.json"[37m from Cosmic Reach
[23:28:49] [GameLoader/INFO] (Puzzle | AssetLoader) Loading [33m"models/blocks/model_dirt.json"[37m from Cosmic Reach
[23:28:49] [GameLoader/INFO] (Puzzle | AssetLoader) Loading [33m"models/blocks/model_dirt.json"[37m from Cosmic Reach
[23:28:49] [GameLoader/INFO] (BlockLoader) Transforming block state [34m"base:dirt[default]"[0m with generator [34m"base:stairs_seamless_all"
[23:28:49] [GameLoader/INFO] (Puzzle | AssetLoader) Loading [33m"blocks/furnace.json"[37m from Cosmic Reach
[23:28:49] [GameLoader/INFO] (BlockLoader) Registered event with ID [34m"base:furnace_puzzle_default_events"
[23:28:49] [GameLoader/INFO] (Puzzle | AssetLoader) Loading [33m"models/blocks/model_furnace_unlit.json"[37m from Cosmic Reach
[23:28:49] [GameLoader/INFO] (Puzzle | AssetLoader) Loading [33m"models/blocks/model_furnace_lit.json"[37m from Cosmic Reach
[23:28:49] [GameLoader/INFO] (Puzzle | AssetLoader) Loading [33m"blocks/glass.json"[37m from Cosmic Reach
[23:28:49] [GameLoader/INFO] (BlockLoader) Registered event with ID [34m"base:glass_puzzle_default_events"
[23:28:49] [GameLoader/INFO] (Puzzle | AssetLoader) Loading [33m"models/blocks/model_glass.json"[37m from Cosmic Reach
[23:28:49] [GameLoader/INFO] (BlockLoader) Transforming block state [34m"base:glass[default]"[0m with generator [34m"base:slabs_all"
[23:28:49] [GameLoader/INFO] (Puzzle | AssetLoader) Loading [33m"models/blocks/model_glass.json"[37m from Cosmic Reach
[23:28:49] [GameLoader/INFO] (Puzzle | AssetLoader) Loading [33m"models/blocks/model_glass.json"[37m from Cosmic Reach
[23:28:49] [GameLoader/INFO] (Puzzle | AssetLoader) Loading [33m"models/blocks/model_glass.json"[37m from Cosmic Reach
[23:28:49] [GameLoader/INFO] (BlockLoader) Transforming block state [34m"base:glass[default]"[0m with generator [34m"base:stairs_seamed_all"
[23:28:49] [GameLoader/INFO] (Puzzle | AssetLoader) Loading [33m"blocks/grass.json"[37m from Cosmic Reach
[23:28:49] [GameLoader/INFO] (BlockLoader) Registered event with ID [34m"base:grass_puzzle_default_events"
[23:28:49] [GameLoader/INFO] (Puzzle | AssetLoader) Loading [33m"models/blocks/model_grass.json"[37m from Cosmic Reach
[23:28:49] [GameLoader/INFO] (Puzzle | AssetLoader) Loading [33m"models/blocks/model_grass_full.json"[37m from Cosmic Reach
[23:28:49] [GameLoader/INFO] (BlockLoader) Transforming block state [34m"base:grass[type=full]"[0m with generator [34m"base:slabs_all"
[23:28:49] [GameLoader/INFO] (Puzzle | AssetLoader) Loading [33m"models/blocks/model_grass_full.json"[37m from Cosmic Reach
[23:28:49] [GameLoader/INFO] (Puzzle | AssetLoader) Loading [33m"models/blocks/model_grass_full.json"[37m from Cosmic Reach
[23:28:49] [GameLoader/INFO] (Puzzle | AssetLoader) Loading [33m"models/blocks/model_grass_full.json"[37m from Cosmic Reach
[23:28:49] [GameLoader/INFO] (BlockLoader) Transforming block state [34m"base:grass[type=full]"[0m with generator [34m"base:stairs_seamless_all"
[23:28:49] [GameLoader/INFO] (Puzzle | AssetLoader) Loading [33m"blocks/hazard.json"[37m from Cosmic Reach
[23:28:49] [GameLoader/INFO] (BlockLoader) Registered event with ID [34m"base:hazard_puzzle_default_events"
[23:28:49] [GameLoader/INFO] (Puzzle | AssetLoader) Loading [33m"models/blocks/model_hazard.json"[37m from Cosmic Reach
[23:28:49] [GameLoader/INFO] (BlockLoader) Transforming block state [34m"base:hazard[default]"[0m with generator [34m"base:slabs_all"
[23:28:49] [GameLoader/INFO] (Puzzle | AssetLoader) Loading [33m"models/blocks/model_hazard.json"[37m from Cosmic Reach
[23:28:49] [GameLoader/INFO] (Puzzle | AssetLoader) Loading [33m"models/blocks/model_hazard.json"[37m from Cosmic Reach
[23:28:49] [GameLoader/INFO] (Puzzle | AssetLoader) Loading [33m"models/blocks/model_hazard.json"[37m from Cosmic Reach
[23:28:49] [GameLoader/INFO] (BlockLoader) Transforming block state [34m"base:hazard[default]"[0m with generator [34m"base:stairs_seamless_all"
[23:28:49] [GameLoader/INFO] (Puzzle | AssetLoader) Loading [33m"blocks/ice.json"[37m from Cosmic Reach
[23:28:49] [GameLoader/INFO] (BlockLoader) Registered event with ID [34m"base:ice_puzzle_default_events"
[23:28:49] [GameLoader/INFO] (Puzzle | AssetLoader) Loading [33m"models/blocks/model_ice.json"[37m from Cosmic Reach
[23:28:49] [GameLoader/INFO] (BlockLoader) Transforming block state [34m"base:ice[default]"[0m with generator [34m"base:slabs_all"
[23:28:49] [GameLoader/INFO] (Puzzle | AssetLoader) Loading [33m"models/blocks/model_ice.json"[37m from Cosmic Reach
[23:28:49] [GameLoader/INFO] (Puzzle | AssetLoader) Loading [33m"models/blocks/model_ice.json"[37m from Cosmic Reach
[23:28:49] [GameLoader/INFO] (Puzzle | AssetLoader) Loading [33m"models/blocks/model_ice.json"[37m from Cosmic Reach
[23:28:49] [GameLoader/INFO] (BlockLoader) Transforming block state [34m"base:ice[default]"[0m with generator [34m"base:stairs_seamless_all"
[23:28:49] [GameLoader/INFO] (Puzzle | AssetLoader) Loading [33m"blocks/leaves.json"[37m from Cosmic Reach
[23:28:49] [GameLoader/INFO] (BlockLoader) Registered event with ID [34m"base:leaves_puzzle_default_events"
[23:28:49] [GameLoader/INFO] (Puzzle | AssetLoader) Loading [33m"models/blocks/model_leaves.json"[37m from Cosmic Reach
[23:28:49] [GameLoader/INFO] (BlockLoader) Transforming block state [34m"base:leaves[type=permament]"[0m with generator [34m"base:slabs_all"
[23:28:49] [GameLoader/INFO] (Puzzle | AssetLoader) Loading [33m"models/blocks/model_leaves.json"[37m from Cosmic Reach
[23:28:49] [GameLoader/INFO] (Puzzle | AssetLoader) Loading [33m"models/blocks/model_leaves.json"[37m from Cosmic Reach
[23:28:49] [GameLoader/INFO] (Puzzle | AssetLoader) Loading [33m"models/blocks/model_leaves.json"[37m from Cosmic Reach
[23:28:49] [GameLoader/INFO] (BlockLoader) Transforming block state [34m"base:leaves[dist=1,type=decaying]"[0m with generator [34m"base:slabs_all"
[23:28:49] [GameLoader/INFO] (BlockLoader) Transforming block state [34m"base:leaves[dist=2,type=decaying]"[0m with generator [34m"base:slabs_all"
[23:28:49] [GameLoader/INFO] (BlockLoader) Transforming block state [34m"base:leaves[dist=3,type=decaying]"[0m with generator [34m"base:slabs_all"
[23:28:49] [GameLoader/INFO] (BlockLoader) Transforming block state [34m"base:leaves[dist=4,type=decaying]"[0m with generator [34m"base:slabs_all"
[23:28:49] [GameLoader/INFO] (Puzzle | AssetLoader) Loading [33m"blocks/leaves_poplar.json"[37m from Cosmic Reach
[23:28:49] [GameLoader/INFO] (BlockLoader) Registered event with ID [34m"base:leaves_poplar_puzzle_default_events"
[23:28:49] [GameLoader/INFO] (Puzzle | AssetLoader) Loading [33m"models/blocks/model_leaves_poplar.json"[37m from Cosmic Reach
[23:28:49] [GameLoader/INFO] (BlockLoader) Transforming block state [34m"base:leaves_poplar[type=permanent]"[0m with generator [34m"base:slabs_all"
[23:28:49] [GameLoader/INFO] (Puzzle | AssetLoader) Loading [33m"models/blocks/model_leaves_poplar.json"[37m from Cosmic Reach
[23:28:49] [GameLoader/INFO] (Puzzle | AssetLoader) Loading [33m"models/blocks/model_leaves_poplar.json"[37m from Cosmic Reach
[23:28:49] [GameLoader/INFO] (Puzzle | AssetLoader) Loading [33m"models/blocks/model_leaves_poplar.json"[37m from Cosmic Reach
[23:28:49] [GameLoader/INFO] (BlockLoader) Transforming block state [34m"base:leaves_poplar[dist=1,type=decaying]"[0m with generator [34m"base:slabs_all"
[23:28:49] [GameLoader/INFO] (BlockLoader) Transforming block state [34m"base:leaves_poplar[dist=2,type=decaying]"[0m with generator [34m"base:slabs_all"
[23:28:49] [GameLoader/INFO] (BlockLoader) Transforming block state [34m"base:leaves_poplar[dist=3,type=decaying]"[0m with generator [34m"base:slabs_all"
[23:28:49] [GameLoader/INFO] (BlockLoader) Transforming block state [34m"base:leaves_poplar[dist=4,type=decaying]"[0m with generator [34m"base:slabs_all"
[23:28:49] [GameLoader/INFO] (Puzzle | AssetLoader) Loading [33m"blocks/light.json"[37m from Cosmic Reach
[23:28:49] [GameLoader/INFO] (BlockLoader) Registered event with ID [34m"base:light_puzzle_default_events"
[23:28:49] [GameLoader/INFO] (Puzzle | AssetLoader) Loading [33m"models/blocks/model_light_off.json"[37m from Cosmic Reach
[23:28:49] [GameLoader/INFO] (Puzzle | AssetLoader) Loading [33m"models/blocks/model_light_base.json"[37m from Cosmic Reach
[23:28:49] [GameLoader/INFO] (Puzzle | AssetLoader) Loading [33m"models/blocks/cube_no_ao.json"[37m from Cosmic Reach
[23:28:49] [GameLoader/INFO] (BlockLoader) Transforming block state [34m"base:light[power=off,lightRed=15,lightGreen=15,lightBlue=15]"[0m with generator [34m"base:slabs_all"
[23:28:49] [GameLoader/INFO] (Puzzle | AssetLoader) Loading [33m"models/blocks/model_light_off.json"[37m from Cosmic Reach
[23:28:49] [GameLoader/INFO] (Puzzle | AssetLoader) Loading [33m"models/blocks/model_light_base.json"[37m from Cosmic Reach
[23:28:49] [GameLoader/INFO] (Puzzle | AssetLoader) Loading [33m"models/blocks/cube_no_ao.json"[37m from Cosmic Reach
[23:28:49] [GameLoader/INFO] (Puzzle | AssetLoader) Loading [33m"models/blocks/model_light_off.json"[37m from Cosmic Reach
[23:28:49] [GameLoader/INFO] (Puzzle | AssetLoader) Loading [33m"models/blocks/model_light_base.json"[37m from Cosmic Reach
[23:28:49] [GameLoader/INFO] (Puzzle | AssetLoader) Loading [33m"models/blocks/cube_no_ao.json"[37m from Cosmic Reach
[23:28:49] [GameLoader/INFO] (Puzzle | AssetLoader) Loading [33m"models/blocks/model_light_off.json"[37m from Cosmic Reach
[23:28:49] [GameLoader/INFO] (Puzzle | AssetLoader) Loading [33m"models/blocks/model_light_base.json"[37m from Cosmic Reach
[23:28:49] [GameLoader/INFO] (Puzzle | AssetLoader) Loading [33m"models/blocks/cube_no_ao.json"[37m from Cosmic Reach
[23:28:49] [GameLoader/INFO] (Puzzle | AssetLoader) Loading [33m"models/blocks/model_light_white.json"[37m from Cosmic Reach
[23:28:49] [GameLoader/INFO] (BlockLoader) Transforming block state [34m"base:light[power=on,lightRed=15,lightGreen=15,lightBlue=15]"[0m with generator [34m"base:slabs_all"
[23:28:49] [GameLoader/INFO] (Puzzle | AssetLoader) Loading [33m"models/blocks/model_light_white.json"[37m from Cosmic Reach
[23:28:49] [GameLoader/INFO] (Puzzle | AssetLoader) Loading [33m"models/blocks/model_light_white.json"[37m from Cosmic Reach
[23:28:49] [GameLoader/INFO] (Puzzle | AssetLoader) Loading [33m"models/blocks/model_light_white.json"[37m from Cosmic Reach
[23:28:49] [GameLoader/INFO] (BlockLoader) Transforming block state [34m"base:light[power=off,lightRed=15,lightGreen=0,lightBlue=0]"[0m with generator [34m"base:slabs_all"
[23:28:49] [GameLoader/INFO] (Puzzle | AssetLoader) Loading [33m"models/blocks/model_light_red.json"[37m from Cosmic Reach
[23:28:49] [GameLoader/INFO] (BlockLoader) Transforming block state [34m"base:light[power=on,lightRed=15,lightGreen=0,lightBlue=0]"[0m with generator [34m"base:slabs_all"
[23:28:49] [GameLoader/INFO] (Puzzle | AssetLoader) Loading [33m"models/blocks/model_light_red.json"[37m from Cosmic Reach
[23:28:49] [GameLoader/INFO] (Puzzle | AssetLoader) Loading [33m"models/blocks/model_light_red.json"[37m from Cosmic Reach
[23:28:49] [GameLoader/INFO] (Puzzle | AssetLoader) Loading [33m"models/blocks/model_light_red.json"[37m from Cosmic Reach
[23:28:49] [GameLoader/INFO] (BlockLoader) Transforming block state [34m"base:light[power=off,lightRed=13,lightGreen=7,lightBlue=0]"[0m with generator [34m"base:slabs_all"
[23:28:49] [GameLoader/INFO] (Puzzle | AssetLoader) Loading [33m"models/blocks/model_light_orange.json"[37m from Cosmic Reach
[23:28:49] [GameLoader/INFO] (BlockLoader) Transforming block state [34m"base:light[power=on,lightRed=13,lightGreen=7,lightBlue=0]"[0m with generator [34m"base:slabs_all"
[23:28:49] [GameLoader/INFO] (Puzzle | AssetLoader) Loading [33m"models/blocks/model_light_orange.json"[37m from Cosmic Reach
[23:28:49] [GameLoader/INFO] (Puzzle | AssetLoader) Loading [33m"models/blocks/model_light_orange.json"[37m from Cosmic Reach
[23:28:49] [GameLoader/INFO] (Puzzle | AssetLoader) Loading [33m"models/blocks/model_light_orange.json"[37m from Cosmic Reach
[23:28:49] [GameLoader/INFO] (BlockLoader) Transforming block state [34m"base:light[power=off,lightRed=13,lightGreen=13,lightBlue=0]"[0m with generator [34m"base:slabs_all"
[23:28:49] [GameLoader/INFO] (Puzzle | AssetLoader) Loading [33m"models/blocks/model_light_yellow.json"[37m from Cosmic Reach
[23:28:49] [GameLoader/INFO] (BlockLoader) Transforming block state [34m"base:light[power=on,lightRed=13,lightGreen=13,lightBlue=0]"[0m with generator [34m"base:slabs_all"
[23:28:49] [GameLoader/INFO] (Puzzle | AssetLoader) Loading [33m"models/blocks/model_light_yellow.json"[37m from Cosmic Reach
[23:28:49] [GameLoader/INFO] (Puzzle | AssetLoader) Loading [33m"models/blocks/model_light_yellow.json"[37m from Cosmic Reach
[23:28:49] [GameLoader/INFO] (Puzzle | AssetLoader) Loading [33m"models/blocks/model_light_yellow.json"[37m from Cosmic Reach
[23:28:49] [GameLoader/INFO] (BlockLoader) Transforming block state [34m"base:light[power=off,lightRed=7,lightGreen=13,lightBlue=0]"[0m with generator [34m"base:slabs_all"
[23:28:49] [GameLoader/INFO] (Puzzle | AssetLoader) Loading [33m"models/blocks/model_light_lime.json"[37m from Cosmic Reach
[23:28:49] [GameLoader/INFO] (BlockLoader) Transforming block state [34m"base:light[power=on,lightRed=7,lightGreen=13,lightBlue=0]"[0m with generator [34m"base:slabs_all"
[23:28:49] [GameLoader/INFO] (Puzzle | AssetLoader) Loading [33m"models/blocks/model_light_lime.json"[37m from Cosmic Reach
[23:28:49] [GameLoader/INFO] (Puzzle | AssetLoader) Loading [33m"models/blocks/model_light_lime.json"[37m from Cosmic Reach
[23:28:49] [GameLoader/INFO] (Puzzle | AssetLoader) Loading [33m"models/blocks/model_light_lime.json"[37m from Cosmic Reach
[23:28:49] [GameLoader/INFO] (BlockLoader) Transforming block state [34m"base:light[power=off,lightRed=0,lightGreen=15,lightBlue=0]"[0m with generator [34m"base:slabs_all"
[23:28:49] [GameLoader/INFO] (Puzzle | AssetLoader) Loading [33m"models/blocks/model_light_green.json"[37m from Cosmic Reach
[23:28:49] [GameLoader/INFO] (BlockLoader) Transforming block state [34m"base:light[power=on,lightRed=0,lightGreen=15,lightBlue=0]"[0m with generator [34m"base:slabs_all"
[23:28:49] [GameLoader/INFO] (Puzzle | AssetLoader) Loading [33m"models/blocks/model_light_green.json"[37m from Cosmic Reach
[23:28:49] [GameLoader/INFO] (Puzzle | AssetLoader) Loading [33m"models/blocks/model_light_green.json"[37m from Cosmic Reach
[23:28:49] [GameLoader/INFO] (Puzzle | AssetLoader) Loading [33m"models/blocks/model_light_green.json"[37m from Cosmic Reach
[23:28:49] [GameLoader/INFO] (BlockLoader) Transforming block state [34m"base:light[power=off,lightRed=0,lightGreen=13,lightBlue=7]"[0m with generator [34m"base:slabs_all"
[23:28:49] [GameLoader/INFO] (Puzzle | AssetLoader) Loading [33m"models/blocks/model_light_spring_green.json"[37m from Cosmic Reach
[23:28:49] [GameLoader/INFO] (BlockLoader) Transforming block state [34m"base:light[power=on,lightRed=0,lightGreen=13,lightBlue=7]"[0m with generator [34m"base:slabs_all"
[23:28:49] [GameLoader/INFO] (Puzzle | AssetLoader) Loading [33m"models/blocks/model_light_spring_green.json"[37m from Cosmic Reach
[23:28:49] [GameLoader/INFO] (Puzzle | AssetLoader) Loading [33m"models/blocks/model_light_spring_green.json"[37m from Cosmic Reach
[23:28:49] [GameLoader/INFO] (Puzzle | AssetLoader) Loading [33m"models/blocks/model_light_spring_green.json"[37m from Cosmic Reach
[23:28:49] [GameLoader/INFO] (BlockLoader) Transforming block state [34m"base:light[power=off,lightRed=0,lightGreen=13,lightBlue=13]"[0m with generator [34m"base:slabs_all"
[23:28:49] [GameLoader/INFO] (Puzzle | AssetLoader) Loading [33m"models/blocks/model_light_cyan.json"[37m from Cosmic Reach
[23:28:49] [GameLoader/INFO] (BlockLoader) Transforming block state [34m"base:light[power=on,lightRed=0,lightGreen=13,lightBlue=13]"[0m with generator [34m"base:slabs_all"
[23:28:49] [GameLoader/INFO] (Puzzle | AssetLoader) Loading [33m"models/blocks/model_light_cyan.json"[37m from Cosmic Reach
[23:28:49] [GameLoader/INFO] (Puzzle | AssetLoader) Loading [33m"models/blocks/model_light_cyan.json"[37m from Cosmic Reach
[23:28:49] [GameLoader/INFO] (Puzzle | AssetLoader) Loading [33m"models/blocks/model_light_cyan.json"[37m from Cosmic Reach
[23:28:49] [GameLoader/INFO] (BlockLoader) Transforming block state [34m"base:light[power=off,lightRed=0,lightGreen=7,lightBlue=13]"[0m with generator [34m"base:slabs_all"
[23:28:49] [GameLoader/INFO] (Puzzle | AssetLoader) Loading [33m"models/blocks/model_light_azure.json"[37m from Cosmic Reach
[23:28:49] [GameLoader/INFO] (BlockLoader) Transforming block state [34m"base:light[power=on,lightRed=0,lightGreen=7,lightBlue=13]"[0m with generator [34m"base:slabs_all"
[23:28:49] [GameLoader/INFO] (Puzzle | AssetLoader) Loading [33m"models/blocks/model_light_azure.json"[37m from Cosmic Reach
[23:28:49] [GameLoader/INFO] (Puzzle | AssetLoader) Loading [33m"models/blocks/model_light_azure.json"[37m from Cosmic Reach
[23:28:49] [GameLoader/INFO] (Puzzle | AssetLoader) Loading [33m"models/blocks/model_light_azure.json"[37m from Cosmic Reach
[23:28:49] [GameLoader/INFO] (BlockLoader) Transforming block state [34m"base:light[power=off,lightRed=0,lightGreen=0,lightBlue=15]"[0m with generator [34m"base:slabs_all"
[23:28:49] [GameLoader/INFO] (Puzzle | AssetLoader) Loading [33m"models/blocks/model_light_blue.json"[37m from Cosmic Reach
[23:28:49] [GameLoader/INFO] (BlockLoader) Transforming block state [34m"base:light[power=on,lightRed=0,lightGreen=0,lightBlue=15]"[0m with generator [34m"base:slabs_all"
[23:28:49] [GameLoader/INFO] (Puzzle | AssetLoader) Loading [33m"models/blocks/model_light_blue.json"[37m from Cosmic Reach
[23:28:49] [GameLoader/INFO] (Puzzle | AssetLoader) Loading [33m"models/blocks/model_light_blue.json"[37m from Cosmic Reach
[23:28:49] [GameLoader/INFO] (Puzzle | AssetLoader) Loading [33m"models/blocks/model_light_blue.json"[37m from Cosmic Reach
[23:28:49] [GameLoader/INFO] (BlockLoader) Transforming block state [34m"base:light[power=off,lightRed=7,lightGreen=0,lightBlue=13]"[0m with generator [34m"base:slabs_all"
[23:28:49] [GameLoader/INFO] (Puzzle | AssetLoader) Loading [33m"models/blocks/model_light_violet.json"[37m from Cosmic Reach
[23:28:49] [GameLoader/INFO] (BlockLoader) Transforming block state [34m"base:light[power=on,lightRed=7,lightGreen=0,lightBlue=13]"[0m with generator [34m"base:slabs_all"
[23:28:49] [GameLoader/INFO] (Puzzle | AssetLoader) Loading [33m"models/blocks/model_light_violet.json"[37m from Cosmic Reach
[23:28:49] [GameLoader/INFO] (Puzzle | AssetLoader) Loading [33m"models/blocks/model_light_violet.json"[37m from Cosmic Reach
[23:28:49] [GameLoader/INFO] (Puzzle | AssetLoader) Loading [33m"models/blocks/model_light_violet.json"[37m from Cosmic Reach
[23:28:49] [GameLoader/INFO] (BlockLoader) Transforming block state [34m"base:light[power=off,lightRed=13,lightGreen=0,lightBlue=13]"[0m with generator [34m"base:slabs_all"
[23:28:49] [GameLoader/INFO] (Puzzle | AssetLoader) Loading [33m"models/blocks/model_light_magenta.json"[37m from Cosmic Reach
[23:28:49] [GameLoader/INFO] (BlockLoader) Transforming block state [34m"base:light[power=on,lightRed=13,lightGreen=0,lightBlue=13]"[0m with generator [34m"base:slabs_all"
[23:28:49] [GameLoader/INFO] (Puzzle | AssetLoader) Loading [33m"models/blocks/model_light_magenta.json"[37m from Cosmic Reach
[23:28:49] [GameLoader/INFO] (Puzzle | AssetLoader) Loading [33m"models/blocks/model_light_magenta.json"[37m from Cosmic Reach
[23:28:49] [GameLoader/INFO] (Puzzle | AssetLoader) Loading [33m"models/blocks/model_light_magenta.json"[37m from Cosmic Reach
[23:28:49] [GameLoader/INFO] (BlockLoader) Transforming block state [34m"base:light[power=off,lightRed=13,lightGreen=0,lightBlue=7]"[0m with generator [34m"base:slabs_all"
[23:28:49] [GameLoader/INFO] (Puzzle | AssetLoader) Loading [33m"models/blocks/model_light_rose.json"[37m from Cosmic Reach
[23:28:49] [GameLoader/INFO] (BlockLoader) Transforming block state [34m"base:light[power=on,lightRed=13,lightGreen=0,lightBlue=7]"[0m with generator [34m"base:slabs_all"
[23:28:49] [GameLoader/INFO] (Puzzle | AssetLoader) Loading [33m"models/blocks/model_light_rose.json"[37m from Cosmic Reach
[23:28:49] [GameLoader/INFO] (Puzzle | AssetLoader) Loading [33m"models/blocks/model_light_rose.json"[37m from Cosmic Reach
[23:28:49] [GameLoader/INFO] (Puzzle | AssetLoader) Loading [33m"models/blocks/model_light_rose.json"[37m from Cosmic Reach
[23:28:49] [GameLoader/INFO] (Puzzle | AssetLoader) Loading [33m"blocks/lunar_soil.json"[37m from Cosmic Reach
[23:28:49] [GameLoader/INFO] (BlockLoader) Registered event with ID [34m"base:lunar_soil_puzzle_default_events"
[23:28:49] [GameLoader/INFO] (Puzzle | AssetLoader) Loading [33m"models/blocks/model_lunar_soil.json"[37m from Cosmic Reach
[23:28:49] [GameLoader/INFO] (BlockLoader) Transforming block state [34m"base:lunar_soil[default]"[0m with generator [34m"base:slabs_all"
[23:28:49] [GameLoader/INFO] (Puzzle | AssetLoader) Loading [33m"models/blocks/model_lunar_soil.json"[37m from Cosmic Reach
[23:28:49] [GameLoader/INFO] (Puzzle | AssetLoader) Loading [33m"models/blocks/model_lunar_soil.json"[37m from Cosmic Reach
[23:28:49] [GameLoader/INFO] (Puzzle | AssetLoader) Loading [33m"models/blocks/model_lunar_soil.json"[37m from Cosmic Reach
[23:28:49] [GameLoader/INFO] (BlockLoader) Transforming block state [34m"base:lunar_soil[default]"[0m with generator [34m"base:stairs_seamless_all"
[23:28:49] [GameLoader/INFO] (Puzzle | AssetLoader) Loading [33m"blocks/lunar_soil_packed.json"[37m from Cosmic Reach
[23:28:49] [GameLoader/INFO] (BlockLoader) Registered event with ID [34m"base:lunar_soil_packed_puzzle_default_events"
[23:28:49] [GameLoader/INFO] (Puzzle | AssetLoader) Loading [33m"models/blocks/model_lunar_soil_packed.json"[37m from Cosmic Reach
[23:28:49] [GameLoader/INFO] (BlockLoader) Transforming block state [34m"base:lunar_soil_packed[default]"[0m with generator [34m"base:slabs_all"
[23:28:49] [GameLoader/INFO] (Puzzle | AssetLoader) Loading [33m"models/blocks/model_lunar_soil_packed.json"[37m from Cosmic Reach
[23:28:49] [GameLoader/INFO] (Puzzle | AssetLoader) Loading [33m"models/blocks/model_lunar_soil_packed.json"[37m from Cosmic Reach
[23:28:49] [GameLoader/INFO] (Puzzle | AssetLoader) Loading [33m"models/blocks/model_lunar_soil_packed.json"[37m from Cosmic Reach
[23:28:49] [GameLoader/INFO] (BlockLoader) Transforming block state [34m"base:lunar_soil_packed[default]"[0m with generator [34m"base:stairs_seamed_all"
[23:28:49] [GameLoader/INFO] (Puzzle | AssetLoader) Loading [33m"blocks/magma.json"[37m from Cosmic Reach
[23:28:49] [GameLoader/INFO] (BlockLoader) Registered event with ID [34m"base:magma_puzzle_default_events"
[23:28:49] [GameLoader/INFO] (Puzzle | AssetLoader) Loading [33m"models/blocks/model_magma.json"[37m from Cosmic Reach
[23:28:49] [GameLoader/INFO] (BlockLoader) Transforming block state [34m"base:magma[default]"[0m with generator [34m"base:slabs_all"
[23:28:49] [GameLoader/INFO] (Puzzle | AssetLoader) Loading [33m"models/blocks/model_magma.json"[37m from Cosmic Reach
[23:28:49] [GameLoader/INFO] (Puzzle | AssetLoader) Loading [33m"models/blocks/model_magma.json"[37m from Cosmic Reach
[23:28:49] [GameLoader/INFO] (Puzzle | AssetLoader) Loading [33m"models/blocks/model_magma.json"[37m from Cosmic Reach
[23:28:49] [GameLoader/INFO] (BlockLoader) Transforming block state [34m"base:magma[default]"[0m with generator [34m"base:stairs_seamless_all"
[23:28:49] [GameLoader/INFO] (Puzzle | AssetLoader) Loading [33m"blocks/metal_panel.json"[37m from Cosmic Reach
[23:28:49] [GameLoader/INFO] (BlockLoader) Registered event with ID [34m"base:metal_panel_puzzle_default_events"
[23:28:49] [GameLoader/INFO] (Puzzle | AssetLoader) Loading [33m"models/blocks/model_metal_panel.json"[37m from Cosmic Reach
[23:28:49] [GameLoader/INFO] (BlockLoader) Transforming block state [34m"base:metal_panel[default]"[0m with generator [34m"base:slabs_all"
[23:28:49] [GameLoader/INFO] (Puzzle | AssetLoader) Loading [33m"models/blocks/model_metal_panel.json"[37m from Cosmic Reach
[23:28:49] [GameLoader/INFO] (Puzzle | AssetLoader) Loading [33m"models/blocks/model_metal_panel.json"[37m from Cosmic Reach
[23:28:49] [GameLoader/INFO] (Puzzle | AssetLoader) Loading [33m"models/blocks/model_metal_panel.json"[37m from Cosmic Reach
[23:28:49] [GameLoader/INFO] (BlockLoader) Transforming block state [34m"base:metal_panel[default]"[0m with generator [34m"base:stairs_seamed_all"
[23:28:49] [GameLoader/INFO] (Puzzle | AssetLoader) Loading [33m"blocks/ore_bauxite.json"[37m from Cosmic Reach
[23:28:49] [GameLoader/INFO] (BlockLoader) Registered event with ID [34m"base:ore_bauxite_puzzle_default_events"
[23:28:49] [GameLoader/INFO] (Puzzle | AssetLoader) Loading [33m"models/blocks/model_ore_bauxite.json"[37m from Cosmic Reach
[23:28:49] [GameLoader/INFO] (Puzzle | AssetLoader) Loading [33m"blocks/ore_gold.json"[37m from Cosmic Reach
[23:28:49] [GameLoader/INFO] (BlockLoader) Registered event with ID [34m"base:ore_gold_puzzle_default_events"
[23:28:49] [GameLoader/INFO] (Puzzle | AssetLoader) Loading [33m"models/blocks/model_ore_gold.json"[37m from Cosmic Reach
[23:28:49] [GameLoader/INFO] (Puzzle | AssetLoader) Loading [33m"blocks/ore_iron.json"[37m from Cosmic Reach
[23:28:49] [GameLoader/INFO] (BlockLoader) Registered event with ID [34m"base:ore_iron_puzzle_default_events"
[23:28:49] [GameLoader/INFO] (Puzzle | AssetLoader) Loading [33m"models/blocks/model_ore_iron.json"[37m from Cosmic Reach
[23:28:49] [GameLoader/INFO] (Puzzle | AssetLoader) Loading [33m"blocks/sand.json"[37m from Cosmic Reach
[23:28:49] [GameLoader/INFO] (BlockLoader) Registered event with ID [34m"base:sand_puzzle_default_events"
[23:28:49] [GameLoader/INFO] (Puzzle | AssetLoader) Loading [33m"models/blocks/model_sand.json"[37m from Cosmic Reach
[23:28:49] [GameLoader/INFO] (BlockLoader) Transforming block state [34m"base:sand[default]"[0m with generator [34m"base:slabs_all"
[23:28:49] [GameLoader/INFO] (Puzzle | AssetLoader) Loading [33m"models/blocks/model_sand.json"[37m from Cosmic Reach
[23:28:49] [GameLoader/INFO] (Puzzle | AssetLoader) Loading [33m"models/blocks/model_sand.json"[37m from Cosmic Reach
[23:28:49] [GameLoader/INFO] (Puzzle | AssetLoader) Loading [33m"models/blocks/model_sand.json"[37m from Cosmic Reach
[23:28:49] [GameLoader/INFO] (BlockLoader) Transforming block state [34m"base:sand[default]"[0m with generator [34m"base:stairs_seamless_all"
[23:28:49] [GameLoader/INFO] (Puzzle | AssetLoader) Loading [33m"blocks/sapling_poplar.json"[37m from Cosmic Reach
[23:28:49] [GameLoader/INFO] (BlockLoader) Registered event with ID [34m"base:sapling_poplar_puzzle_default_events"
[23:28:49] [GameLoader/INFO] (Puzzle | AssetLoader) Loading [33m"models/blocks/model_sapling_poplar.json"[37m from Cosmic Reach
[23:28:49] [GameLoader/INFO] (Puzzle | AssetLoader) Loading [33m"blocks/snow.json"[37m from Cosmic Reach
[23:28:49] [GameLoader/INFO] (BlockLoader) Registered event with ID [34m"base:snow_puzzle_default_events"
[23:28:49] [GameLoader/INFO] (Puzzle | AssetLoader) Loading [33m"models/blocks/model_snow.json"[37m from Cosmic Reach
[23:28:49] [GameLoader/INFO] (BlockLoader) Transforming block state [34m"base:snow[default]"[0m with generator [34m"base:slabs_all"
[23:28:49] [GameLoader/INFO] (Puzzle | AssetLoader) Loading [33m"models/blocks/model_snow.json"[37m from Cosmic Reach
[23:28:49] [GameLoader/INFO] (Puzzle | AssetLoader) Loading [33m"models/blocks/model_snow.json"[37m from Cosmic Reach
[23:28:49] [GameLoader/INFO] (Puzzle | AssetLoader) Loading [33m"models/blocks/model_snow.json"[37m from Cosmic Reach
[23:28:49] [GameLoader/INFO] (BlockLoader) Transforming block state [34m"base:snow[default]"[0m with generator [34m"base:stairs_seamless_all"
[23:28:49] [GameLoader/INFO] (Puzzle | AssetLoader) Loading [33m"blocks/stone_basalt.json"[37m from Cosmic Reach
[23:28:49] [GameLoader/INFO] (BlockLoader) Registered event with ID [34m"base:stone_basalt_puzzle_default_events"
[23:28:49] [GameLoader/INFO] (Puzzle | AssetLoader) Loading [33m"models/blocks/model_stone_basalt.json"[37m from Cosmic Reach
[23:28:49] [GameLoader/INFO] (BlockLoader) Transforming block state [34m"base:stone_basalt[default]"[0m with generator [34m"base:slabs_all"
[23:28:49] [GameLoader/INFO] (Puzzle | AssetLoader) Loading [33m"models/blocks/model_stone_basalt.json"[37m from Cosmic Reach
[23:28:49] [GameLoader/INFO] (Puzzle | AssetLoader) Loading [33m"models/blocks/model_stone_basalt.json"[37m from Cosmic Reach
[23:28:49] [GameLoader/INFO] (Puzzle | AssetLoader) Loading [33m"models/blocks/model_stone_basalt.json"[37m from Cosmic Reach
[23:28:49] [GameLoader/INFO] (BlockLoader) Transforming block state [34m"base:stone_basalt[default]"[0m with generator [34m"base:stairs_seamless_all"
[23:28:49] [GameLoader/INFO] (Puzzle | AssetLoader) Loading [33m"blocks/stone_gabbro.json"[37m from Cosmic Reach
[23:28:49] [GameLoader/INFO] (BlockLoader) Registered event with ID [34m"base:stone_gabbro_puzzle_default_events"
[23:28:49] [GameLoader/INFO] (Puzzle | AssetLoader) Loading [33m"models/blocks/model_stone_gabbro.json"[37m from Cosmic Reach
[23:28:49] [GameLoader/INFO] (BlockLoader) Transforming block state [34m"base:stone_gabbro[default]"[0m with generator [34m"base:slabs_all"
[23:28:49] [GameLoader/INFO] (Puzzle | AssetLoader) Loading [33m"models/blocks/model_stone_gabbro.json"[37m from Cosmic Reach
[23:28:49] [GameLoader/INFO] (Puzzle | AssetLoader) Loading [33m"models/blocks/model_stone_gabbro.json"[37m from Cosmic Reach
[23:28:49] [GameLoader/INFO] (Puzzle | AssetLoader) Loading [33m"models/blocks/model_stone_gabbro.json"[37m from Cosmic Reach
[23:28:49] [GameLoader/INFO] (BlockLoader) Transforming block state [34m"base:stone_gabbro[default]"[0m with generator [34m"base:stairs_seamless_all"
[23:28:49] [GameLoader/INFO] (Puzzle | AssetLoader) Loading [33m"blocks/stone_gravel.json"[37m from Cosmic Reach
[23:28:49] [GameLoader/INFO] (BlockLoader) Registered event with ID [34m"base:stone_gravel_puzzle_default_events"
[23:28:49] [GameLoader/INFO] (Puzzle | AssetLoader) Loading [33m"models/blocks/model_stone_gravel.json"[37m from Cosmic Reach
[23:28:49] [GameLoader/INFO] (BlockLoader) Transforming block state [34m"base:stone_gravel[default]"[0m with generator [34m"base:slabs_all"
[23:28:49] [GameLoader/INFO] (Puzzle | AssetLoader) Loading [33m"models/blocks/model_stone_gravel.json"[37m from Cosmic Reach
[23:28:49] [GameLoader/INFO] (Puzzle | AssetLoader) Loading [33m"models/blocks/model_stone_gravel.json"[37m from Cosmic Reach
[23:28:49] [GameLoader/INFO] (Puzzle | AssetLoader) Loading [33m"models/blocks/model_stone_gravel.json"[37m from Cosmic Reach
[23:28:49] [GameLoader/INFO] (BlockLoader) Transforming block state [34m"base:stone_gravel[default]"[0m with generator [34m"base:stairs_seamless_all"
[23:28:49] [GameLoader/INFO] (Puzzle | AssetLoader) Loading [33m"blocks/stone_limestone.json"[37m from Cosmic Reach
[23:28:49] [GameLoader/INFO] (BlockLoader) Registered event with ID [34m"base:stone_limestone_puzzle_default_events"
[23:28:49] [GameLoader/INFO] (Puzzle | AssetLoader) Loading [33m"models/blocks/model_stone_limestone.json"[37m from Cosmic Reach
[23:28:49] [GameLoader/INFO] (BlockLoader) Transforming block state [34m"base:stone_limestone[default]"[0m with generator [34m"base:slabs_all"
[23:28:49] [GameLoader/INFO] (Puzzle | AssetLoader) Loading [33m"models/blocks/model_stone_limestone.json"[37m from Cosmic Reach
[23:28:49] [GameLoader/INFO] (Puzzle | AssetLoader) Loading [33m"models/blocks/model_stone_limestone.json"[37m from Cosmic Reach
[23:28:49] [GameLoader/INFO] (Puzzle | AssetLoader) Loading [33m"models/blocks/model_stone_limestone.json"[37m from Cosmic Reach
[23:28:49] [GameLoader/INFO] (BlockLoader) Transforming block state [34m"base:stone_limestone[default]"[0m with generator [34m"base:stairs_seamless_all"
[23:28:49] [GameLoader/INFO] (Puzzle | AssetLoader) Loading [33m"blocks/text_display.json"[37m from Cosmic Reach
[23:28:49] [GameLoader/INFO] (BlockLoader) Registered event with ID [34m"base:text_display_puzzle_default_events"
[23:28:49] [GameLoader/INFO] (Puzzle | AssetLoader) Loading [33m"models/blocks/model_text_display_wall.json"[37m from Cosmic Reach
[23:28:49] [GameLoader/INFO] (Puzzle | AssetLoader) Loading [33m"models/blocks/model_text_display_wall.json"[37m from Cosmic Reach
[23:28:49] [GameLoader/INFO] (Puzzle | AssetLoader) Loading [33m"models/blocks/model_text_display_wall.json"[37m from Cosmic Reach
[23:28:49] [GameLoader/INFO] (Puzzle | AssetLoader) Loading [33m"models/blocks/model_text_display_wall.json"[37m from Cosmic Reach
[23:28:49] [GameLoader/INFO] (Puzzle | AssetLoader) Loading [33m"blocks/tree_log.json"[37m from Cosmic Reach
[23:28:49] [GameLoader/INFO] (BlockLoader) Registered event with ID [34m"base:tree_log_puzzle_default_events"
[23:28:49] [GameLoader/INFO] (Puzzle | AssetLoader) Loading [33m"models/blocks/model_tree_log.json"[37m from Cosmic Reach
[23:28:49] [GameLoader/INFO] (BlockLoader) Transforming block state [34m"base:tree_log[default]"[0m with generator [34m"base:slabs_all"
[23:28:49] [GameLoader/INFO] (Puzzle | AssetLoader) Loading [33m"models/blocks/model_tree_log.json"[37m from Cosmic Reach
[23:28:49] [GameLoader/INFO] (Puzzle | AssetLoader) Loading [33m"models/blocks/model_tree_log.json"[37m from Cosmic Reach
[23:28:49] [GameLoader/INFO] (Puzzle | AssetLoader) Loading [33m"models/blocks/model_tree_log.json"[37m from Cosmic Reach
[23:28:49] [GameLoader/INFO] (Puzzle | AssetLoader) Loading [33m"models/blocks/model_tree_log_bark.json"[37m from Cosmic Reach
[23:28:49] [GameLoader/INFO] (BlockLoader) Transforming block state [34m"base:tree_log[type=bark]"[0m with generator [34m"base:slabs_all"
[23:28:49] [GameLoader/INFO] (Puzzle | AssetLoader) Loading [33m"models/blocks/model_tree_log_bark.json"[37m from Cosmic Reach
[23:28:49] [GameLoader/INFO] (Puzzle | AssetLoader) Loading [33m"models/blocks/model_tree_log_bark.json"[37m from Cosmic Reach
[23:28:49] [GameLoader/INFO] (Puzzle | AssetLoader) Loading [33m"models/blocks/model_tree_log_bark.json"[37m from Cosmic Reach
[23:28:49] [GameLoader/INFO] (BlockLoader) Transforming block state [34m"base:tree_log[type=bark]"[0m with generator [34m"base:stairs_seamless_all"
[23:28:49] [GameLoader/INFO] (Puzzle | AssetLoader) Loading [33m"blocks/water.json"[37m from Cosmic Reach
[23:28:49] [GameLoader/INFO] (BlockLoader) Registered event with ID [34m"base:water_puzzle_default_events"
[23:28:49] [GameLoader/INFO] (Puzzle | AssetLoader) Loading [33m"models/blocks/model_water.json"[37m from Cosmic Reach
[23:28:49] [GameLoader/INFO] (Puzzle | AssetLoader) Loading [33m"blocks/wood_planks.json"[37m from Cosmic Reach
[23:28:49] [GameLoader/INFO] (BlockLoader) Registered event with ID [34m"base:wood_planks_puzzle_default_events"
[23:28:49] [GameLoader/INFO] (Puzzle | AssetLoader) Loading [33m"models/blocks/model_wood_planks.json"[37m from Cosmic Reach
[23:28:49] [GameLoader/INFO] (BlockLoader) Transforming block state [34m"base:wood_planks[default]"[0m with generator [34m"base:slabs_all"
[23:28:49] [GameLoader/INFO] (Puzzle | AssetLoader) Loading [33m"models/blocks/model_wood_planks.json"[37m from Cosmic Reach
[23:28:49] [GameLoader/INFO] (Puzzle | AssetLoader) Loading [33m"models/blocks/model_wood_planks.json"[37m from Cosmic Reach
[23:28:49] [GameLoader/INFO] (Puzzle | AssetLoader) Loading [33m"models/blocks/model_wood_planks.json"[37m from Cosmic Reach
[23:28:49] [GameLoader/INFO] (BlockLoader) Transforming block state [34m"base:wood_planks[default]"[0m with generator [34m"base:stairs_seamless_all"
[23:28:49] [GameLoader/INFO] (BlockLoader) Registering Block Model finalizers
[23:28:49] [GameLoader/INFO] (BlockLoader) Registering Block finalizers
[23:28:49] [main/INFO] (Puzzle | AssetLoader) Loading [33m"items/shovel_iron.json"[37m from Cosmic Reach
[23:28:49] [main/INFO] (Puzzle | AssetLoader) Loading [33m"items/ingot_iron.json"[37m from Cosmic Reach
[23:28:49] [main/INFO] (Puzzle | AssetLoader) Loading [33m"items/fluid_vacuum.json"[37m from Cosmic Reach
[23:28:49] [main/INFO] (Puzzle | AssetLoader) Loading [33m"items/pickaxe_aluminium.json"[37m from Cosmic Reach
[23:28:49] [main/INFO] (Puzzle | AssetLoader) Loading [33m"items/axe_aluminium.json"[37m from Cosmic Reach
[23:28:49] [main/INFO] (Puzzle | AssetLoader) Loading [33m"items/medkit_gold.json"[37m from Cosmic Reach
[23:28:49] [main/INFO] (Puzzle | AssetLoader) Loading [33m"items/shovel_aluminium.json"[37m from Cosmic Reach
[23:28:49] [main/INFO] (Puzzle | AssetLoader) Loading [33m"items/ingot_gold.json"[37m from Cosmic Reach
[23:28:49] [main/INFO] (Puzzle | AssetLoader) Loading [33m"items/stick.json"[37m from Cosmic Reach
[23:28:49] [main/INFO] (Puzzle | AssetLoader) Loading [33m"items/pickaxe_stone.json"[37m from Cosmic Reach
[23:28:49] [main/INFO] (Puzzle | AssetLoader) Loading [33m"items/shovel_stone.json"[37m from Cosmic Reach
[23:28:49] [main/INFO] (Puzzle | AssetLoader) Loading [33m"items/ingot_aluminium.json"[37m from Cosmic Reach
[23:28:49] [main/INFO] (Puzzle | AssetLoader) Loading [33m"items/medkit.json"[37m from Cosmic Reach
[23:28:49] [main/INFO] (Puzzle | AssetLoader) Loading [33m"items/axe_iron.json"[37m from Cosmic Reach
[23:28:49] [main/INFO] (Puzzle | AssetLoader) Loading [33m"items/pickaxe_iron.json"[37m from Cosmic Reach
[23:28:49] [main/INFO] (Puzzle | AssetLoader) Loading [33m"items/axe_stone.json"[37m from Cosmic Reach
[23:28:49] [main/INFO] (Puzzle | AssetLoader) Loading [33m"loot/leaves_poplar.json"[37m from Cosmic Reach
[23:28:49] [main/INFO] (Puzzle | AssetLoader) Loading [33m"loot/interceptor_trap.json"[37m from Cosmic Reach
[23:28:49] [main/INFO] (Puzzle | AssetLoader) Loading [33m"loot/interceptor.json"[37m from Cosmic Reach
[23:28:49] [main/INFO] (Puzzle | AssetLoader) Loading [33m"recipes/crafting/crate.json"[37m from Cosmic Reach
[23:28:49] [main/INFO] (Puzzle | AssetLoader) Loading [33m"recipes/crafting/shovel_aluminium.json"[37m from Cosmic Reach
[23:28:49] [main/INFO] (Puzzle | AssetLoader) Loading [33m"recipes/crafting/text_display.json"[37m from Cosmic Reach
[23:28:49] [main/INFO] (Puzzle | AssetLoader) Loading [33m"recipes/crafting/axe_stone.json"[37m from Cosmic Reach
[23:28:49] [main/INFO] (Puzzle | AssetLoader) Loading [33m"recipes/crafting/stick.json"[37m from Cosmic Reach
[23:28:49] [main/INFO] (Puzzle | AssetLoader) Loading [33m"recipes/crafting/medkit_gold.json"[37m from Cosmic Reach
[23:28:49] [main/INFO] (Puzzle | AssetLoader) Loading [33m"recipes/crafting/axe_aluminium.json"[37m from Cosmic Reach
[23:28:49] [main/INFO] (Puzzle | AssetLoader) Loading [33m"recipes/crafting/pickaxe_aluminium.json"[37m from Cosmic Reach
[23:28:49] [main/INFO] (Puzzle | AssetLoader) Loading [33m"recipes/crafting/axe_iron.json"[37m from Cosmic Reach
[23:28:49] [main/INFO] (Puzzle | AssetLoader) Loading [33m"recipes/crafting/fluid_vacuum.json"[37m from Cosmic Reach
[23:28:49] [main/INFO] (Puzzle | AssetLoader) Loading [33m"recipes/crafting/metal_panel.json"[37m from Cosmic Reach
[23:28:49] [main/INFO] (Puzzle | AssetLoader) Loading [33m"recipes/crafting/shovel_iron.json"[37m from Cosmic Reach
[23:28:49] [main/INFO] (Puzzle | AssetLoader) Loading [33m"recipes/crafting/boombox.json"[37m from Cosmic Reach
[23:28:49] [main/INFO] (Puzzle | AssetLoader) Loading [33m"recipes/crafting/pickaxe_stone.json"[37m from Cosmic Reach
[23:28:49] [main/INFO] (Puzzle | AssetLoader) Loading [33m"recipes/crafting/lunar_soil_packed.json"[37m from Cosmic Reach
[23:28:49] [main/INFO] (Puzzle | AssetLoader) Loading [33m"recipes/crafting/aluminium_panel.json"[37m from Cosmic Reach
[23:28:49] [main/INFO] (Puzzle | AssetLoader) Loading [33m"recipes/crafting/wood_planks.json"[37m from Cosmic Reach
[23:28:49] [main/INFO] (Puzzle | AssetLoader) Loading [33m"recipes/crafting/pickaxe_iron.json"[37m from Cosmic Reach
[23:28:49] [main/INFO] (Puzzle | AssetLoader) Loading [33m"recipes/crafting/furnace.json"[37m from Cosmic Reach
[23:28:49] [main/INFO] (Puzzle | AssetLoader) Loading [33m"recipes/crafting/shovel_stone.json"[37m from Cosmic Reach
[23:28:49] [main/INFO] (saturn_cart) adding track: test
[23:28:50] [main/INFO] (CosmicReach | Zone) Added zone loader "ServerZoneLoader" for zone "base:flat"
[23:28:50] [WorldLoaderThread/INFO] (CosmicReach | ChunkSaver) Started saving world
[23:28:50] [WorldLoaderThread/INFO] (CosmicReach | Zone) Saved Zone with ID "base:flat"
[23:28:50] [WorldLoaderThread/INFO] (CosmicReach | ChunkSaver) Finished saving
[23:28:50] [WorldLoaderThread/INFO] (CosmicReach | ChunkSaver) Started saving world
[23:28:50] [WorldLoaderThread/INFO] (CosmicReach | Zone) Saved Zone with ID "base:flat"
[23:28:50] [WorldLoaderThread/INFO] (CosmicReach | ChunkSaver) Finished saving
